{"C:\\Users\\ayush\\OneDrive\\Desktop\\Career\\Stock App\\stock-financial-data-viewer-3\\src\\api\\api.tsx": {"path":"C:\\Users\\ayush\\OneDrive\\Desktop\\Career\\Stock App\\stock-financial-data-viewer-3\\src\\api\\api.tsx","all":false,"statementMap":{"0":{"start":{"line":1,"column":0},"end":{"line":1,"column":45}},"1":{"start":{"line":2,"column":0},"end":{"line":2,"column":0}},"2":{"start":{"line":3,"column":0},"end":{"line":3,"column":79}},"3":{"start":{"line":4,"column":0},"end":{"line":4,"column":63}},"4":{"start":{"line":5,"column":0},"end":{"line":5,"column":0}},"5":{"start":{"line":6,"column":0},"end":{"line":6,"column":64}},"6":{"start":{"line":7,"column":0},"end":{"line":7,"column":188}},"7":{"start":{"line":8,"column":0},"end":{"line":8,"column":36}},"8":{"start":{"line":9,"column":0},"end":{"line":9,"column":1}},"9":{"start":{"line":10,"column":0},"end":{"line":10,"column":0}},"10":{"start":{"line":11,"column":0},"end":{"line":11,"column":60}},"11":{"start":{"line":12,"column":0},"end":{"line":12,"column":151}},"12":{"start":{"line":13,"column":0},"end":{"line":13,"column":36}},"13":{"start":{"line":14,"column":0},"end":{"line":14,"column":1}},"14":{"start":{"line":15,"column":0},"end":{"line":15,"column":0}},"15":{"start":{"line":16,"column":0},"end":{"line":16,"column":50}},"16":{"start":{"line":17,"column":0},"end":{"line":17,"column":166}},"17":{"start":{"line":18,"column":0},"end":{"line":18,"column":36}},"18":{"start":{"line":19,"column":0},"end":{"line":19,"column":1}},"19":{"start":{"line":20,"column":0},"end":{"line":20,"column":0}},"20":{"start":{"line":21,"column":0},"end":{"line":21,"column":55}},"21":{"start":{"line":22,"column":0},"end":{"line":22,"column":170}},"22":{"start":{"line":23,"column":0},"end":{"line":23,"column":36}},"23":{"start":{"line":24,"column":0},"end":{"line":24,"column":1}},"24":{"start":{"line":25,"column":0},"end":{"line":25,"column":0}},"25":{"start":{"line":26,"column":0},"end":{"line":26,"column":55}},"26":{"start":{"line":27,"column":0},"end":{"line":27,"column":162}},"27":{"start":{"line":28,"column":0},"end":{"line":28,"column":36}},"28":{"start":{"line":29,"column":0},"end":{"line":29,"column":1}},"29":{"start":{"line":30,"column":0},"end":{"line":30,"column":0}},"30":{"start":{"line":31,"column":0},"end":{"line":31,"column":55}},"31":{"start":{"line":32,"column":0},"end":{"line":32,"column":170}},"32":{"start":{"line":33,"column":0},"end":{"line":33,"column":36}},"33":{"start":{"line":34,"column":0},"end":{"line":34,"column":1}}},"s":{"0":1,"1":1,"2":1,"3":1,"4":1,"5":1,"6":2,"7":2,"8":2,"9":1,"10":1,"11":2,"12":2,"13":2,"14":1,"15":1,"16":4,"17":4,"18":4,"19":1,"20":1,"21":2,"22":2,"23":2,"24":1,"25":1,"26":4,"27":4,"28":4,"29":1,"30":1,"31":2,"32":2,"33":2},"branchMap":{"0":{"type":"branch","line":6,"loc":{"start":{"line":6,"column":43},"end":{"line":9,"column":1}},"locations":[{"start":{"line":6,"column":43},"end":{"line":9,"column":1}}]},"1":{"type":"branch","line":7,"loc":{"start":{"line":7,"column":82},"end":{"line":7,"column":100}},"locations":[{"start":{"line":7,"column":82},"end":{"line":7,"column":100}}]},"2":{"type":"branch","line":7,"loc":{"start":{"line":7,"column":147},"end":{"line":7,"column":179}},"locations":[{"start":{"line":7,"column":147},"end":{"line":7,"column":179}}]},"3":{"type":"branch","line":11,"loc":{"start":{"line":11,"column":37},"end":{"line":14,"column":1}},"locations":[{"start":{"line":11,"column":37},"end":{"line":14,"column":1}}]},"4":{"type":"branch","line":12,"loc":{"start":{"line":12,"column":110},"end":{"line":12,"column":142}},"locations":[{"start":{"line":12,"column":110},"end":{"line":12,"column":142}}]},"5":{"type":"branch","line":16,"loc":{"start":{"line":16,"column":29},"end":{"line":19,"column":1}},"locations":[{"start":{"line":16,"column":29},"end":{"line":19,"column":1}}]},"6":{"type":"branch","line":17,"loc":{"start":{"line":17,"column":74},"end":{"line":17,"column":92}},"locations":[{"start":{"line":17,"column":74},"end":{"line":17,"column":92}}]},"7":{"type":"branch","line":17,"loc":{"start":{"line":17,"column":125},"end":{"line":17,"column":157}},"locations":[{"start":{"line":17,"column":125},"end":{"line":17,"column":157}}]},"8":{"type":"branch","line":21,"loc":{"start":{"line":21,"column":34},"end":{"line":24,"column":1}},"locations":[{"start":{"line":21,"column":34},"end":{"line":24,"column":1}}]},"9":{"type":"branch","line":22,"loc":{"start":{"line":22,"column":77},"end":{"line":22,"column":95}},"locations":[{"start":{"line":22,"column":77},"end":{"line":22,"column":95}}]},"10":{"type":"branch","line":22,"loc":{"start":{"line":22,"column":129},"end":{"line":22,"column":161}},"locations":[{"start":{"line":22,"column":129},"end":{"line":22,"column":161}}]},"11":{"type":"branch","line":26,"loc":{"start":{"line":26,"column":34},"end":{"line":29,"column":1}},"locations":[{"start":{"line":26,"column":34},"end":{"line":29,"column":1}}]},"12":{"type":"branch","line":27,"loc":{"start":{"line":27,"column":70},"end":{"line":27,"column":88}},"locations":[{"start":{"line":27,"column":70},"end":{"line":27,"column":88}}]},"13":{"type":"branch","line":27,"loc":{"start":{"line":27,"column":121},"end":{"line":27,"column":153}},"locations":[{"start":{"line":27,"column":121},"end":{"line":27,"column":153}}]},"14":{"type":"branch","line":31,"loc":{"start":{"line":31,"column":34},"end":{"line":34,"column":1}},"locations":[{"start":{"line":31,"column":34},"end":{"line":34,"column":1}}]},"15":{"type":"branch","line":32,"loc":{"start":{"line":32,"column":78},"end":{"line":32,"column":96}},"locations":[{"start":{"line":32,"column":78},"end":{"line":32,"column":96}}]},"16":{"type":"branch","line":32,"loc":{"start":{"line":32,"column":129},"end":{"line":32,"column":161}},"locations":[{"start":{"line":32,"column":129},"end":{"line":32,"column":161}}]}},"b":{"0":[2],"1":[0],"2":[0],"3":[2],"4":[0],"5":[4],"6":[0],"7":[0],"8":[2],"9":[0],"10":[0],"11":[4],"12":[0],"13":[0],"14":[2],"15":[0],"16":[0]},"fnMap":{"0":{"name":"getStockGraphTimeSeriesData","decl":{"start":{"line":6,"column":43},"end":{"line":9,"column":1}},"loc":{"start":{"line":6,"column":43},"end":{"line":9,"column":1}},"line":6},"1":{"name":"getStockSearchResults","decl":{"start":{"line":11,"column":37},"end":{"line":14,"column":1}},"loc":{"start":{"line":11,"column":37},"end":{"line":14,"column":1}},"line":11},"2":{"name":"getStockQuote","decl":{"start":{"line":16,"column":29},"end":{"line":19,"column":1}},"loc":{"start":{"line":16,"column":29},"end":{"line":19,"column":1}},"line":16},"3":{"name":"getMarketSentiment","decl":{"start":{"line":21,"column":34},"end":{"line":24,"column":1}},"loc":{"start":{"line":21,"column":34},"end":{"line":24,"column":1}},"line":21},"4":{"name":"getCompanyOverview","decl":{"start":{"line":26,"column":34},"end":{"line":29,"column":1}},"loc":{"start":{"line":26,"column":34},"end":{"line":29,"column":1}},"line":26},"5":{"name":"getIncomeStatement","decl":{"start":{"line":31,"column":34},"end":{"line":34,"column":1}},"loc":{"start":{"line":31,"column":34},"end":{"line":34,"column":1}},"line":31}},"f":{"0":2,"1":2,"2":4,"3":2,"4":4,"5":2}}
,"C:\\Users\\ayush\\OneDrive\\Desktop\\Career\\Stock App\\stock-financial-data-viewer-3\\src\\api\\axios-instance.tsx": {"path":"C:\\Users\\ayush\\OneDrive\\Desktop\\Career\\Stock App\\stock-financial-data-viewer-3\\src\\api\\axios-instance.tsx","all":false,"statementMap":{"0":{"start":{"line":1,"column":0},"end":{"line":1,"column":26}},"1":{"start":{"line":2,"column":0},"end":{"line":2,"column":0}},"2":{"start":{"line":3,"column":0},"end":{"line":3,"column":36}},"3":{"start":{"line":4,"column":0},"end":{"line":4,"column":42}},"4":{"start":{"line":5,"column":0},"end":{"line":5,"column":3}},"5":{"start":{"line":6,"column":0},"end":{"line":6,"column":0}},"6":{"start":{"line":7,"column":0},"end":{"line":7,"column":29}}},"s":{"0":1,"1":1,"2":1,"3":1,"4":1,"5":1,"6":1},"branchMap":{},"b":{},"fnMap":{},"f":{}}
,"C:\\Users\\ayush\\OneDrive\\Desktop\\Career\\Stock App\\stock-financial-data-viewer-3\\src\\api\\mock-adapter.tsx": {"path":"C:\\Users\\ayush\\OneDrive\\Desktop\\Career\\Stock App\\stock-financial-data-viewer-3\\src\\api\\mock-adapter.tsx","all":false,"statementMap":{"0":{"start":{"line":1,"column":0},"end":{"line":1,"column":45}},"1":{"start":{"line":2,"column":0},"end":{"line":2,"column":45}},"2":{"start":{"line":3,"column":0},"end":{"line":3,"column":0}},"3":{"start":{"line":4,"column":0},"end":{"line":4,"column":44}},"4":{"start":{"line":5,"column":0},"end":{"line":5,"column":0}},"5":{"start":{"line":6,"column":0},"end":{"line":6,"column":20}}},"s":{"0":1,"1":1,"2":1,"3":1,"4":1,"5":1},"branchMap":{},"b":{},"fnMap":{},"f":{}}
,"C:\\Users\\ayush\\OneDrive\\Desktop\\Career\\Stock App\\stock-financial-data-viewer-3\\src\\components\\Dashboard\\Dashboard.tsx": {"path":"C:\\Users\\ayush\\OneDrive\\Desktop\\Career\\Stock App\\stock-financial-data-viewer-3\\src\\components\\Dashboard\\Dashboard.tsx","all":false,"statementMap":{"0":{"start":{"line":1,"column":0},"end":{"line":1,"column":43}},"1":{"start":{"line":2,"column":0},"end":{"line":2,"column":48}},"2":{"start":{"line":3,"column":0},"end":{"line":3,"column":48}},"3":{"start":{"line":4,"column":0},"end":{"line":4,"column":54}},"4":{"start":{"line":5,"column":0},"end":{"line":5,"column":62}},"5":{"start":{"line":6,"column":0},"end":{"line":6,"column":58}},"6":{"start":{"line":7,"column":0},"end":{"line":7,"column":52}},"7":{"start":{"line":8,"column":0},"end":{"line":8,"column":50}},"8":{"start":{"line":9,"column":0},"end":{"line":9,"column":44}},"9":{"start":{"line":10,"column":0},"end":{"line":10,"column":48}},"10":{"start":{"line":11,"column":0},"end":{"line":11,"column":54}},"11":{"start":{"line":12,"column":0},"end":{"line":12,"column":50}},"12":{"start":{"line":13,"column":0},"end":{"line":13,"column":52}},"13":{"start":{"line":14,"column":0},"end":{"line":14,"column":0}},"14":{"start":{"line":15,"column":0},"end":{"line":15,"column":25}},"15":{"start":{"line":16,"column":0},"end":{"line":16,"column":44}},"16":{"start":{"line":17,"column":0},"end":{"line":17,"column":72}},"17":{"start":{"line":18,"column":0},"end":{"line":18,"column":120}},"18":{"start":{"line":19,"column":0},"end":{"line":19,"column":85}},"19":{"start":{"line":20,"column":0},"end":{"line":20,"column":59}},"20":{"start":{"line":21,"column":0},"end":{"line":21,"column":0}},"21":{"start":{"line":22,"column":0},"end":{"line":22,"column":49}},"22":{"start":{"line":23,"column":0},"end":{"line":23,"column":38}},"23":{"start":{"line":24,"column":0},"end":{"line":24,"column":33}},"24":{"start":{"line":25,"column":0},"end":{"line":25,"column":27}},"25":{"start":{"line":26,"column":0},"end":{"line":26,"column":43}},"26":{"start":{"line":27,"column":0},"end":{"line":27,"column":19}},"27":{"start":{"line":28,"column":0},"end":{"line":28,"column":9}},"28":{"start":{"line":29,"column":0},"end":{"line":29,"column":36}},"29":{"start":{"line":30,"column":0},"end":{"line":30,"column":28}},"30":{"start":{"line":31,"column":0},"end":{"line":31,"column":58}},"31":{"start":{"line":32,"column":0},"end":{"line":32,"column":70}},"32":{"start":{"line":33,"column":0},"end":{"line":33,"column":51}},"33":{"start":{"line":34,"column":0},"end":{"line":34,"column":50}},"34":{"start":{"line":35,"column":0},"end":{"line":35,"column":50}},"35":{"start":{"line":36,"column":0},"end":{"line":36,"column":25}},"36":{"start":{"line":37,"column":0},"end":{"line":37,"column":17}},"37":{"start":{"line":38,"column":0},"end":{"line":38,"column":79}},"38":{"start":{"line":39,"column":0},"end":{"line":39,"column":14}},"39":{"start":{"line":40,"column":0},"end":{"line":40,"column":27}},"40":{"start":{"line":41,"column":0},"end":{"line":41,"column":33}},"41":{"start":{"line":42,"column":0},"end":{"line":42,"column":14}},"42":{"start":{"line":43,"column":0},"end":{"line":43,"column":28}},"43":{"start":{"line":44,"column":0},"end":{"line":44,"column":47}},"44":{"start":{"line":45,"column":0},"end":{"line":45,"column":14}},"45":{"start":{"line":46,"column":0},"end":{"line":46,"column":5}},"46":{"start":{"line":47,"column":0},"end":{"line":47,"column":0}},"47":{"start":{"line":48,"column":0},"end":{"line":48,"column":12}},"48":{"start":{"line":49,"column":0},"end":{"line":49,"column":57}},"49":{"start":{"line":50,"column":0},"end":{"line":50,"column":26}},"50":{"start":{"line":51,"column":0},"end":{"line":51,"column":29}},"51":{"start":{"line":52,"column":0},"end":{"line":52,"column":107}},"52":{"start":{"line":53,"column":0},"end":{"line":53,"column":66}},"53":{"start":{"line":54,"column":0},"end":{"line":54,"column":125}},"54":{"start":{"line":55,"column":0},"end":{"line":55,"column":22}},"55":{"start":{"line":56,"column":0},"end":{"line":56,"column":50}},"56":{"start":{"line":57,"column":0},"end":{"line":57,"column":48}},"57":{"start":{"line":58,"column":0},"end":{"line":58,"column":22}},"58":{"start":{"line":59,"column":0},"end":{"line":59,"column":31}},"59":{"start":{"line":60,"column":0},"end":{"line":60,"column":35}},"60":{"start":{"line":61,"column":0},"end":{"line":61,"column":38}},"61":{"start":{"line":62,"column":0},"end":{"line":62,"column":22}},"62":{"start":{"line":63,"column":0},"end":{"line":63,"column":36}},"63":{"start":{"line":64,"column":0},"end":{"line":64,"column":39}},"64":{"start":{"line":65,"column":0},"end":{"line":65,"column":22}},"65":{"start":{"line":66,"column":0},"end":{"line":66,"column":54}},"66":{"start":{"line":67,"column":0},"end":{"line":67,"column":32}},"67":{"start":{"line":68,"column":0},"end":{"line":68,"column":43}},"68":{"start":{"line":69,"column":0},"end":{"line":69,"column":68}},"69":{"start":{"line":70,"column":0},"end":{"line":70,"column":42}},"70":{"start":{"line":71,"column":0},"end":{"line":71,"column":89}},"71":{"start":{"line":72,"column":0},"end":{"line":72,"column":63}},"72":{"start":{"line":73,"column":0},"end":{"line":73,"column":53}},"73":{"start":{"line":74,"column":0},"end":{"line":74,"column":91}},"74":{"start":{"line":75,"column":0},"end":{"line":75,"column":64}},"75":{"start":{"line":76,"column":0},"end":{"line":76,"column":53}},"76":{"start":{"line":77,"column":0},"end":{"line":77,"column":43}},"77":{"start":{"line":78,"column":0},"end":{"line":78,"column":39}},"78":{"start":{"line":79,"column":0},"end":{"line":79,"column":33}},"79":{"start":{"line":80,"column":0},"end":{"line":80,"column":26}},"80":{"start":{"line":81,"column":0},"end":{"line":81,"column":22}},"81":{"start":{"line":82,"column":0},"end":{"line":82,"column":62}},"82":{"start":{"line":83,"column":0},"end":{"line":83,"column":113}},"83":{"start":{"line":84,"column":0},"end":{"line":84,"column":22}},"84":{"start":{"line":85,"column":0},"end":{"line":85,"column":100}},"85":{"start":{"line":86,"column":0},"end":{"line":86,"column":37}},"86":{"start":{"line":87,"column":0},"end":{"line":87,"column":50}},"87":{"start":{"line":88,"column":0},"end":{"line":88,"column":46}},"88":{"start":{"line":89,"column":0},"end":{"line":89,"column":34}},"89":{"start":{"line":90,"column":0},"end":{"line":90,"column":39}},"90":{"start":{"line":91,"column":0},"end":{"line":91,"column":75}},"91":{"start":{"line":92,"column":0},"end":{"line":92,"column":41}},"92":{"start":{"line":93,"column":0},"end":{"line":93,"column":53}},"93":{"start":{"line":94,"column":0},"end":{"line":94,"column":49}},"94":{"start":{"line":95,"column":0},"end":{"line":95,"column":69}},"95":{"start":{"line":96,"column":0},"end":{"line":96,"column":54}},"96":{"start":{"line":97,"column":0},"end":{"line":97,"column":53}},"97":{"start":{"line":98,"column":0},"end":{"line":98,"column":34}},"98":{"start":{"line":99,"column":0},"end":{"line":99,"column":47}},"99":{"start":{"line":100,"column":0},"end":{"line":100,"column":46}},"100":{"start":{"line":101,"column":0},"end":{"line":101,"column":118}},"101":{"start":{"line":102,"column":0},"end":{"line":102,"column":72}},"102":{"start":{"line":103,"column":0},"end":{"line":103,"column":47}},"103":{"start":{"line":104,"column":0},"end":{"line":104,"column":34}},"104":{"start":{"line":105,"column":0},"end":{"line":105,"column":30}},"105":{"start":{"line":106,"column":0},"end":{"line":106,"column":46}},"106":{"start":{"line":107,"column":0},"end":{"line":107,"column":26}},"107":{"start":{"line":108,"column":0},"end":{"line":108,"column":22}},"108":{"start":{"line":109,"column":0},"end":{"line":109,"column":18}},"109":{"start":{"line":110,"column":0},"end":{"line":110,"column":19}},"110":{"start":{"line":111,"column":0},"end":{"line":111,"column":48}},"111":{"start":{"line":112,"column":0},"end":{"line":112,"column":30}},"112":{"start":{"line":113,"column":0},"end":{"line":113,"column":119}},"113":{"start":{"line":114,"column":0},"end":{"line":114,"column":23}},"114":{"start":{"line":115,"column":0},"end":{"line":115,"column":17}},"115":{"start":{"line":116,"column":0},"end":{"line":116,"column":18}},"116":{"start":{"line":117,"column":0},"end":{"line":117,"column":51}},"117":{"start":{"line":118,"column":0},"end":{"line":118,"column":38}},"118":{"start":{"line":119,"column":0},"end":{"line":119,"column":65}},"119":{"start":{"line":120,"column":0},"end":{"line":120,"column":67}},"120":{"start":{"line":121,"column":0},"end":{"line":121,"column":61}},"121":{"start":{"line":122,"column":0},"end":{"line":122,"column":26}},"122":{"start":{"line":123,"column":0},"end":{"line":123,"column":27}},"123":{"start":{"line":124,"column":0},"end":{"line":124,"column":51}},"124":{"start":{"line":125,"column":0},"end":{"line":125,"column":40}},"125":{"start":{"line":126,"column":0},"end":{"line":126,"column":65}},"126":{"start":{"line":127,"column":0},"end":{"line":127,"column":64}},"127":{"start":{"line":128,"column":0},"end":{"line":128,"column":27}},"128":{"start":{"line":129,"column":0},"end":{"line":129,"column":34}},"129":{"start":{"line":130,"column":0},"end":{"line":130,"column":41}},"130":{"start":{"line":131,"column":0},"end":{"line":131,"column":68}},"131":{"start":{"line":132,"column":0},"end":{"line":132,"column":27}},"132":{"start":{"line":133,"column":0},"end":{"line":133,"column":19}},"133":{"start":{"line":134,"column":0},"end":{"line":134,"column":14}},"134":{"start":{"line":135,"column":0},"end":{"line":135,"column":15}},"135":{"start":{"line":136,"column":0},"end":{"line":136,"column":6}},"136":{"start":{"line":137,"column":0},"end":{"line":137,"column":1}},"137":{"start":{"line":138,"column":0},"end":{"line":138,"column":25}}},"s":{"0":1,"1":1,"2":1,"3":1,"4":1,"5":1,"6":1,"7":1,"8":1,"9":1,"10":1,"11":1,"12":1,"13":1,"14":1,"15":10,"16":10,"17":10,"18":10,"19":10,"20":10,"21":10,"22":4,"23":4,"24":2,"25":2,"26":2,"27":2,"28":2,"29":2,"30":1,"31":1,"32":10,"33":10,"34":10,"35":1,"36":1,"37":1,"38":2,"39":2,"40":2,"41":2,"42":2,"43":2,"44":2,"45":4,"46":10,"47":10,"48":10,"49":10,"50":10,"51":10,"52":10,"53":0,"54":0,"55":10,"56":4,"57":4,"58":10,"59":10,"60":2,"61":2,"62":10,"63":0,"64":0,"65":10,"66":20,"67":20,"68":20,"69":20,"70":20,"71":20,"72":20,"73":20,"74":20,"75":20,"76":20,"77":20,"78":20,"79":20,"80":20,"81":10,"82":0,"83":0,"84":10,"85":10,"86":10,"87":10,"88":11,"89":11,"90":11,"91":11,"92":11,"93":11,"94":11,"95":11,"96":11,"97":11,"98":11,"99":11,"100":11,"101":11,"102":11,"103":11,"104":11,"105":11,"106":11,"107":10,"108":10,"109":10,"110":10,"111":10,"112":10,"113":10,"114":0,"115":0,"116":0,"117":0,"118":0,"119":0,"120":0,"121":0,"122":0,"123":0,"124":0,"125":0,"126":0,"127":0,"128":0,"129":0,"130":0,"131":0,"132":0,"133":10,"134":10,"135":10,"136":10,"137":1},"branchMap":{"0":{"type":"branch","line":15,"loc":{"start":{"line":15,"column":18},"end":{"line":137,"column":1}},"locations":[{"start":{"line":15,"column":18},"end":{"line":137,"column":1}}]},"1":{"type":"branch","line":52,"loc":{"start":{"line":52,"column":35},"end":{"line":52,"column":95}},"locations":[{"start":{"line":52,"column":35},"end":{"line":52,"column":95}}]},"2":{"type":"branch","line":52,"loc":{"start":{"line":52,"column":45},"end":{"line":52,"column":107}},"locations":[{"start":{"line":52,"column":45},"end":{"line":52,"column":107}}]},"3":{"type":"branch","line":114,"loc":{"start":{"line":114,"column":16},"end":{"line":133,"column":19}},"locations":[{"start":{"line":114,"column":16},"end":{"line":133,"column":19}}]},"4":{"type":"branch","line":22,"loc":{"start":{"line":22,"column":29},"end":{"line":46,"column":5}},"locations":[{"start":{"line":22,"column":29},"end":{"line":46,"column":5}}]},"5":{"type":"branch","line":24,"loc":{"start":{"line":24,"column":32},"end":{"line":45,"column":14}},"locations":[{"start":{"line":24,"column":32},"end":{"line":45,"column":14}}]},"6":{"type":"branch","line":30,"loc":{"start":{"line":30,"column":18},"end":{"line":39,"column":13}},"locations":[{"start":{"line":30,"column":18},"end":{"line":39,"column":13}}]},"7":{"type":"branch","line":32,"loc":{"start":{"line":32,"column":56},"end":{"line":36,"column":22}},"locations":[{"start":{"line":32,"column":56},"end":{"line":36,"column":22}}]},"8":{"type":"branch","line":40,"loc":{"start":{"line":40,"column":19},"end":{"line":42,"column":13}},"locations":[{"start":{"line":40,"column":19},"end":{"line":42,"column":13}}]},"9":{"type":"branch","line":43,"loc":{"start":{"line":43,"column":21},"end":{"line":45,"column":13}},"locations":[{"start":{"line":43,"column":21},"end":{"line":45,"column":13}}]},"10":{"type":"branch","line":56,"loc":{"start":{"line":56,"column":35},"end":{"line":58,"column":22}},"locations":[{"start":{"line":56,"column":35},"end":{"line":58,"column":22}}]},"11":{"type":"branch","line":60,"loc":{"start":{"line":60,"column":28},"end":{"line":62,"column":22}},"locations":[{"start":{"line":60,"column":28},"end":{"line":62,"column":22}}]},"12":{"type":"branch","line":66,"loc":{"start":{"line":66,"column":34},"end":{"line":81,"column":22}},"locations":[{"start":{"line":66,"column":34},"end":{"line":81,"column":22}}]},"13":{"type":"branch","line":85,"loc":{"start":{"line":85,"column":36},"end":{"line":85,"column":100}},"locations":[{"start":{"line":85,"column":36},"end":{"line":85,"column":100}}]},"14":{"type":"branch","line":88,"loc":{"start":{"line":88,"column":33},"end":{"line":107,"column":26}},"locations":[{"start":{"line":88,"column":33},"end":{"line":107,"column":26}}]},"15":{"type":"branch","line":101,"loc":{"start":{"line":101,"column":41},"end":{"line":101,"column":113}},"locations":[{"start":{"line":101,"column":41},"end":{"line":101,"column":113}}]},"16":{"type":"branch","line":101,"loc":{"start":{"line":101,"column":108},"end":{"line":101,"column":118}},"locations":[{"start":{"line":101,"column":108},"end":{"line":101,"column":118}}]}},"b":{"0":[10],"1":[3],"2":[7],"3":[0],"4":[4],"5":[2],"6":[1],"7":[10],"8":[2],"9":[2],"10":[4],"11":[2],"12":[20],"13":[20],"14":[11],"15":[2],"16":[9]},"fnMap":{"0":{"name":"Dashboard","decl":{"start":{"line":15,"column":18},"end":{"line":137,"column":1}},"loc":{"start":{"line":15,"column":18},"end":{"line":137,"column":1}},"line":15},"1":{"name":"setSearchResults","decl":{"start":{"line":22,"column":29},"end":{"line":46,"column":5}},"loc":{"start":{"line":22,"column":29},"end":{"line":46,"column":5}},"line":22},"2":{"name":"onChange","decl":{"start":{"line":53,"column":30},"end":{"line":55,"column":22}},"loc":{"start":{"line":53,"column":30},"end":{"line":55,"column":22}},"line":53},"3":{"name":"onInputChange","decl":{"start":{"line":56,"column":35},"end":{"line":58,"column":22}},"loc":{"start":{"line":56,"column":35},"end":{"line":58,"column":22}},"line":56},"4":{"name":"onOpen","decl":{"start":{"line":60,"column":28},"end":{"line":62,"column":22}},"loc":{"start":{"line":60,"column":28},"end":{"line":62,"column":22}},"line":60},"5":{"name":"onClose","decl":{"start":{"line":63,"column":29},"end":{"line":65,"column":22}},"loc":{"start":{"line":63,"column":29},"end":{"line":65,"column":22}},"line":63},"6":{"name":"renderOption","decl":{"start":{"line":66,"column":34},"end":{"line":81,"column":22}},"loc":{"start":{"line":66,"column":34},"end":{"line":81,"column":22}},"line":66},"7":{"name":"isOptionEqualToValue","decl":{"start":{"line":82,"column":42},"end":{"line":84,"column":22}},"loc":{"start":{"line":82,"column":42},"end":{"line":84,"column":22}},"line":82},"8":{"name":"getOptionLabel","decl":{"start":{"line":85,"column":36},"end":{"line":85,"column":100}},"loc":{"start":{"line":85,"column":36},"end":{"line":85,"column":100}},"line":85},"9":{"name":"renderInput","decl":{"start":{"line":88,"column":33},"end":{"line":107,"column":26}},"loc":{"start":{"line":88,"column":33},"end":{"line":107,"column":26}},"line":88}},"f":{"0":10,"1":4,"2":0,"3":4,"4":2,"5":0,"6":20,"7":0,"8":20,"9":11}}
,"C:\\Users\\ayush\\OneDrive\\Desktop\\Career\\Stock App\\stock-financial-data-viewer-3\\src\\components\\Dashboard\\FinancialMetrics.tsx": {"path":"C:\\Users\\ayush\\OneDrive\\Desktop\\Career\\Stock App\\stock-financial-data-viewer-3\\src\\components\\Dashboard\\FinancialMetrics.tsx","all":false,"statementMap":{"0":{"start":{"line":1,"column":0},"end":{"line":1,"column":33}},"1":{"start":{"line":2,"column":0},"end":{"line":2,"column":36}},"2":{"start":{"line":3,"column":0},"end":{"line":3,"column":45}},"3":{"start":{"line":4,"column":0},"end":{"line":4,"column":39}},"4":{"start":{"line":5,"column":0},"end":{"line":5,"column":41}},"5":{"start":{"line":6,"column":0},"end":{"line":6,"column":36}},"6":{"start":{"line":7,"column":0},"end":{"line":7,"column":58}},"7":{"start":{"line":8,"column":0},"end":{"line":8,"column":42}},"8":{"start":{"line":9,"column":0},"end":{"line":9,"column":0}},"9":{"start":{"line":10,"column":0},"end":{"line":10,"column":70}},"10":{"start":{"line":11,"column":0},"end":{"line":11,"column":44}},"11":{"start":{"line":12,"column":0},"end":{"line":12,"column":0}},"12":{"start":{"line":13,"column":0},"end":{"line":13,"column":73}},"13":{"start":{"line":14,"column":0},"end":{"line":14,"column":27}},"14":{"start":{"line":15,"column":0},"end":{"line":15,"column":6}},"15":{"start":{"line":16,"column":0},"end":{"line":16,"column":12}},"16":{"start":{"line":17,"column":0},"end":{"line":17,"column":34}},"17":{"start":{"line":18,"column":0},"end":{"line":18,"column":66}},"18":{"start":{"line":19,"column":0},"end":{"line":19,"column":95}},"19":{"start":{"line":20,"column":0},"end":{"line":20,"column":62}},"20":{"start":{"line":21,"column":0},"end":{"line":21,"column":67}},"21":{"start":{"line":22,"column":0},"end":{"line":22,"column":26}},"22":{"start":{"line":23,"column":0},"end":{"line":23,"column":18}},"23":{"start":{"line":24,"column":0},"end":{"line":24,"column":32}},"24":{"start":{"line":25,"column":0},"end":{"line":25,"column":64}},"25":{"start":{"line":26,"column":0},"end":{"line":26,"column":23}},"26":{"start":{"line":27,"column":0},"end":{"line":27,"column":32}},"27":{"start":{"line":28,"column":0},"end":{"line":28,"column":56}},"28":{"start":{"line":29,"column":0},"end":{"line":29,"column":23}},"29":{"start":{"line":30,"column":0},"end":{"line":30,"column":21}},"30":{"start":{"line":31,"column":0},"end":{"line":31,"column":6}},"31":{"start":{"line":32,"column":0},"end":{"line":32,"column":1}},"32":{"start":{"line":33,"column":0},"end":{"line":33,"column":0}},"33":{"start":{"line":34,"column":0},"end":{"line":34,"column":32}}},"s":{"0":1,"1":1,"2":1,"3":1,"4":1,"5":1,"6":1,"7":1,"8":1,"9":1,"10":0,"11":0,"12":0,"13":0,"14":0,"15":0,"16":0,"17":0,"18":0,"19":0,"20":0,"21":0,"22":0,"23":0,"24":0,"25":0,"26":0,"27":0,"28":0,"29":0,"30":0,"31":0,"32":1,"33":1},"branchMap":{},"b":{},"fnMap":{"0":{"name":"FinancialMetrics","decl":{"start":{"line":10,"column":25},"end":{"line":32,"column":1}},"loc":{"start":{"line":10,"column":25},"end":{"line":32,"column":1}},"line":10}},"f":{"0":0}}
,"C:\\Users\\ayush\\OneDrive\\Desktop\\Career\\Stock App\\stock-financial-data-viewer-3\\src\\components\\Dashboard\\MarketSentimentChart.tsx": {"path":"C:\\Users\\ayush\\OneDrive\\Desktop\\Career\\Stock App\\stock-financial-data-viewer-3\\src\\components\\Dashboard\\MarketSentimentChart.tsx","all":false,"statementMap":{"0":{"start":{"line":1,"column":0},"end":{"line":1,"column":38}},"1":{"start":{"line":2,"column":0},"end":{"line":2,"column":52}},"2":{"start":{"line":3,"column":0},"end":{"line":3,"column":35}},"3":{"start":{"line":4,"column":0},"end":{"line":4,"column":36}},"4":{"start":{"line":5,"column":0},"end":{"line":5,"column":50}},"5":{"start":{"line":6,"column":0},"end":{"line":6,"column":44}},"6":{"start":{"line":7,"column":0},"end":{"line":7,"column":51}},"7":{"start":{"line":8,"column":0},"end":{"line":8,"column":61}},"8":{"start":{"line":9,"column":0},"end":{"line":9,"column":56}},"9":{"start":{"line":10,"column":0},"end":{"line":10,"column":46}},"10":{"start":{"line":11,"column":0},"end":{"line":11,"column":0}},"11":{"start":{"line":12,"column":0},"end":{"line":12,"column":74}},"12":{"start":{"line":13,"column":0},"end":{"line":13,"column":165}},"13":{"start":{"line":14,"column":0},"end":{"line":14,"column":51}},"14":{"start":{"line":15,"column":0},"end":{"line":15,"column":62}},"15":{"start":{"line":16,"column":0},"end":{"line":16,"column":0}},"16":{"start":{"line":17,"column":0},"end":{"line":17,"column":21}},"17":{"start":{"line":18,"column":0},"end":{"line":18,"column":38}},"18":{"start":{"line":19,"column":0},"end":{"line":19,"column":34}},"19":{"start":{"line":20,"column":0},"end":{"line":20,"column":56}},"20":{"start":{"line":21,"column":0},"end":{"line":21,"column":33}},"21":{"start":{"line":22,"column":0},"end":{"line":22,"column":41}},"22":{"start":{"line":23,"column":0},"end":{"line":23,"column":33}},"23":{"start":{"line":24,"column":0},"end":{"line":24,"column":41}},"24":{"start":{"line":25,"column":0},"end":{"line":25,"column":33}},"25":{"start":{"line":26,"column":0},"end":{"line":26,"column":18}},"26":{"start":{"line":27,"column":0},"end":{"line":27,"column":59}},"27":{"start":{"line":28,"column":0},"end":{"line":28,"column":84}},"28":{"start":{"line":29,"column":0},"end":{"line":29,"column":17}},"29":{"start":{"line":30,"column":0},"end":{"line":30,"column":58}},"30":{"start":{"line":31,"column":0},"end":{"line":31,"column":89}},"31":{"start":{"line":32,"column":0},"end":{"line":32,"column":17}},"32":{"start":{"line":33,"column":0},"end":{"line":33,"column":98}},"33":{"start":{"line":34,"column":0},"end":{"line":34,"column":134}},"34":{"start":{"line":35,"column":0},"end":{"line":35,"column":55}},"35":{"start":{"line":36,"column":0},"end":{"line":36,"column":59}},"36":{"start":{"line":37,"column":0},"end":{"line":37,"column":67}},"37":{"start":{"line":38,"column":0},"end":{"line":38,"column":83}},"38":{"start":{"line":39,"column":0},"end":{"line":39,"column":100}},"39":{"start":{"line":40,"column":0},"end":{"line":40,"column":83}},"40":{"start":{"line":41,"column":0},"end":{"line":41,"column":100}},"41":{"start":{"line":42,"column":0},"end":{"line":42,"column":83}},"42":{"start":{"line":43,"column":0},"end":{"line":43,"column":29}},"43":{"start":{"line":44,"column":0},"end":{"line":44,"column":25}},"44":{"start":{"line":45,"column":0},"end":{"line":45,"column":21}},"45":{"start":{"line":46,"column":0},"end":{"line":46,"column":19}},"46":{"start":{"line":47,"column":0},"end":{"line":47,"column":51}},"47":{"start":{"line":48,"column":0},"end":{"line":48,"column":14}},"48":{"start":{"line":49,"column":0},"end":{"line":49,"column":31}},"49":{"start":{"line":50,"column":0},"end":{"line":50,"column":40}},"50":{"start":{"line":51,"column":0},"end":{"line":51,"column":14}},"51":{"start":{"line":52,"column":0},"end":{"line":52,"column":28}},"52":{"start":{"line":53,"column":0},"end":{"line":53,"column":36}},"53":{"start":{"line":54,"column":0},"end":{"line":54,"column":14}},"54":{"start":{"line":55,"column":0},"end":{"line":55,"column":21}},"55":{"start":{"line":56,"column":0},"end":{"line":56,"column":0}},"56":{"start":{"line":57,"column":0},"end":{"line":57,"column":12}},"57":{"start":{"line":58,"column":0},"end":{"line":58,"column":14}},"58":{"start":{"line":59,"column":0},"end":{"line":59,"column":114}},"59":{"start":{"line":60,"column":0},"end":{"line":60,"column":30}},"60":{"start":{"line":61,"column":0},"end":{"line":61,"column":46}},"61":{"start":{"line":62,"column":0},"end":{"line":62,"column":54}},"62":{"start":{"line":63,"column":0},"end":{"line":63,"column":69}},"63":{"start":{"line":64,"column":0},"end":{"line":64,"column":26}},"64":{"start":{"line":65,"column":0},"end":{"line":65,"column":41}},"65":{"start":{"line":66,"column":0},"end":{"line":66,"column":46}},"66":{"start":{"line":67,"column":0},"end":{"line":67,"column":70}},"67":{"start":{"line":68,"column":0},"end":{"line":68,"column":76}},"68":{"start":{"line":69,"column":0},"end":{"line":69,"column":26}},"69":{"start":{"line":70,"column":0},"end":{"line":70,"column":21}},"70":{"start":{"line":71,"column":0},"end":{"line":71,"column":25}},"71":{"start":{"line":72,"column":0},"end":{"line":72,"column":31}},"72":{"start":{"line":73,"column":0},"end":{"line":73,"column":29}},"73":{"start":{"line":74,"column":0},"end":{"line":74,"column":41}},"74":{"start":{"line":75,"column":0},"end":{"line":75,"column":60}},"75":{"start":{"line":76,"column":0},"end":{"line":76,"column":68}},"76":{"start":{"line":77,"column":0},"end":{"line":77,"column":60}},"77":{"start":{"line":78,"column":0},"end":{"line":78,"column":68}},"78":{"start":{"line":79,"column":0},"end":{"line":79,"column":59}},"79":{"start":{"line":80,"column":0},"end":{"line":80,"column":34}},"80":{"start":{"line":81,"column":0},"end":{"line":81,"column":114}},"81":{"start":{"line":82,"column":0},"end":{"line":82,"column":43}},"82":{"start":{"line":83,"column":0},"end":{"line":83,"column":29}},"83":{"start":{"line":84,"column":0},"end":{"line":84,"column":26}},"84":{"start":{"line":85,"column":0},"end":{"line":85,"column":33}},"85":{"start":{"line":86,"column":0},"end":{"line":86,"column":59}},"86":{"start":{"line":87,"column":0},"end":{"line":87,"column":26}},"87":{"start":{"line":88,"column":0},"end":{"line":88,"column":22}},"88":{"start":{"line":89,"column":0},"end":{"line":89,"column":18}},"89":{"start":{"line":90,"column":0},"end":{"line":90,"column":26}},"90":{"start":{"line":91,"column":0},"end":{"line":91,"column":15}},"91":{"start":{"line":92,"column":0},"end":{"line":92,"column":6}},"92":{"start":{"line":93,"column":0},"end":{"line":93,"column":1}},"93":{"start":{"line":94,"column":0},"end":{"line":94,"column":0}},"94":{"start":{"line":95,"column":0},"end":{"line":95,"column":36}}},"s":{"0":1,"1":1,"2":1,"3":1,"4":1,"5":1,"6":1,"7":1,"8":1,"9":1,"10":1,"11":1,"12":4,"13":4,"14":4,"15":4,"16":4,"17":2,"18":2,"19":1,"20":1,"21":1,"22":1,"23":1,"24":1,"25":1,"26":1,"27":0,"28":0,"29":1,"30":0,"31":0,"32":1,"33":50,"34":50,"35":50,"36":50,"37":50,"38":50,"39":50,"40":50,"41":50,"42":50,"43":50,"44":50,"45":1,"46":1,"47":2,"48":2,"49":1,"50":2,"51":2,"52":2,"53":2,"54":4,"55":4,"56":4,"57":4,"58":4,"59":4,"60":2,"61":2,"62":2,"63":2,"64":2,"65":1,"66":1,"67":1,"68":1,"69":1,"70":1,"71":1,"72":1,"73":1,"74":1,"75":1,"76":1,"77":1,"78":1,"79":1,"80":1,"81":1,"82":1,"83":1,"84":1,"85":1,"86":1,"87":1,"88":4,"89":4,"90":4,"91":4,"92":4,"93":1,"94":1},"branchMap":{"0":{"type":"branch","line":12,"loc":{"start":{"line":12,"column":29},"end":{"line":93,"column":1}},"locations":[{"start":{"line":12,"column":29},"end":{"line":93,"column":1}}]},"1":{"type":"branch","line":60,"loc":{"start":{"line":60,"column":17},"end":{"line":64,"column":26}},"locations":[{"start":{"line":60,"column":17},"end":{"line":64,"column":26}}]},"2":{"type":"branch","line":64,"loc":{"start":{"line":64,"column":20},"end":{"line":88,"column":22}},"locations":[{"start":{"line":64,"column":20},"end":{"line":88,"column":22}}]},"3":{"type":"branch","line":65,"loc":{"start":{"line":65,"column":36},"end":{"line":69,"column":26}},"locations":[{"start":{"line":65,"column":36},"end":{"line":69,"column":26}}]},"4":{"type":"branch","line":69,"loc":{"start":{"line":69,"column":20},"end":{"line":88,"column":22}},"locations":[{"start":{"line":69,"column":20},"end":{"line":88,"column":22}}]},"5":{"type":"branch","line":17,"loc":{"start":{"line":17,"column":14},"end":{"line":55,"column":7}},"locations":[{"start":{"line":17,"column":14},"end":{"line":55,"column":7}}]},"6":{"type":"branch","line":19,"loc":{"start":{"line":19,"column":18},"end":{"line":48,"column":13}},"locations":[{"start":{"line":19,"column":18},"end":{"line":48,"column":13}}]},"7":{"type":"branch","line":27,"loc":{"start":{"line":27,"column":58},"end":{"line":29,"column":17}},"locations":[{"start":{"line":27,"column":58},"end":{"line":29,"column":17}}]},"8":{"type":"branch","line":30,"loc":{"start":{"line":30,"column":57},"end":{"line":32,"column":17}},"locations":[{"start":{"line":30,"column":57},"end":{"line":32,"column":17}}]},"9":{"type":"branch","line":33,"loc":{"start":{"line":33,"column":47},"end":{"line":46,"column":17}},"locations":[{"start":{"line":33,"column":47},"end":{"line":46,"column":17}}]},"10":{"type":"branch","line":38,"loc":{"start":{"line":38,"column":32},"end":{"line":38,"column":83}},"locations":[{"start":{"line":38,"column":32},"end":{"line":38,"column":83}}]},"11":{"type":"branch","line":39,"loc":{"start":{"line":39,"column":32},"end":{"line":39,"column":100}},"locations":[{"start":{"line":39,"column":32},"end":{"line":39,"column":100}}]},"12":{"type":"branch","line":40,"loc":{"start":{"line":40,"column":32},"end":{"line":40,"column":83}},"locations":[{"start":{"line":40,"column":32},"end":{"line":40,"column":83}}]},"13":{"type":"branch","line":41,"loc":{"start":{"line":41,"column":32},"end":{"line":41,"column":100}},"locations":[{"start":{"line":41,"column":32},"end":{"line":41,"column":100}}]},"14":{"type":"branch","line":42,"loc":{"start":{"line":42,"column":32},"end":{"line":42,"column":83}},"locations":[{"start":{"line":42,"column":32},"end":{"line":42,"column":83}}]},"15":{"type":"branch","line":34,"loc":{"start":{"line":34,"column":70},"end":{"line":34,"column":132}},"locations":[{"start":{"line":34,"column":70},"end":{"line":34,"column":132}}]},"16":{"type":"branch","line":49,"loc":{"start":{"line":49,"column":19},"end":{"line":51,"column":13}},"locations":[{"start":{"line":49,"column":19},"end":{"line":51,"column":13}}]},"17":{"type":"branch","line":52,"loc":{"start":{"line":52,"column":21},"end":{"line":54,"column":13}},"locations":[{"start":{"line":52,"column":21},"end":{"line":54,"column":13}}]}},"b":{"0":[4],"1":[2],"2":[2],"3":[1],"4":[1],"5":[2],"6":[1],"7":[0],"8":[0],"9":[50],"10":[1],"11":[2],"12":[27],"13":[0],"14":[3],"15":[255],"16":[1],"17":[2]},"fnMap":{"0":{"name":"MarketSentimentChart","decl":{"start":{"line":12,"column":29},"end":{"line":93,"column":1}},"loc":{"start":{"line":12,"column":29},"end":{"line":93,"column":1}},"line":12}},"f":{"0":4}}
,"C:\\Users\\ayush\\OneDrive\\Desktop\\Career\\Stock App\\stock-financial-data-viewer-3\\src\\components\\Dashboard\\RevenueChart.tsx": {"path":"C:\\Users\\ayush\\OneDrive\\Desktop\\Career\\Stock App\\stock-financial-data-viewer-3\\src\\components\\Dashboard\\RevenueChart.tsx","all":false,"statementMap":{"0":{"start":{"line":1,"column":0},"end":{"line":1,"column":38}},"1":{"start":{"line":2,"column":0},"end":{"line":2,"column":52}},"2":{"start":{"line":3,"column":0},"end":{"line":3,"column":35}},"3":{"start":{"line":4,"column":0},"end":{"line":4,"column":24}},"4":{"start":{"line":5,"column":0},"end":{"line":5,"column":49}},"5":{"start":{"line":6,"column":0},"end":{"line":6,"column":50}},"6":{"start":{"line":7,"column":0},"end":{"line":7,"column":36}},"7":{"start":{"line":8,"column":0},"end":{"line":8,"column":50}},"8":{"start":{"line":9,"column":0},"end":{"line":9,"column":44}},"9":{"start":{"line":10,"column":0},"end":{"line":10,"column":51}},"10":{"start":{"line":11,"column":0},"end":{"line":11,"column":52}},"11":{"start":{"line":12,"column":0},"end":{"line":12,"column":0}},"12":{"start":{"line":13,"column":0},"end":{"line":13,"column":66}},"13":{"start":{"line":14,"column":0},"end":{"line":14,"column":83}},"14":{"start":{"line":15,"column":0},"end":{"line":15,"column":51}},"15":{"start":{"line":16,"column":0},"end":{"line":16,"column":62}},"16":{"start":{"line":17,"column":0},"end":{"line":17,"column":0}},"17":{"start":{"line":18,"column":0},"end":{"line":18,"column":21}},"18":{"start":{"line":19,"column":0},"end":{"line":19,"column":38}},"19":{"start":{"line":20,"column":0},"end":{"line":20,"column":34}},"20":{"start":{"line":21,"column":0},"end":{"line":21,"column":52}},"21":{"start":{"line":22,"column":0},"end":{"line":22,"column":41}},"22":{"start":{"line":23,"column":0},"end":{"line":23,"column":37}},"23":{"start":{"line":24,"column":0},"end":{"line":24,"column":40}},"24":{"start":{"line":25,"column":0},"end":{"line":25,"column":18}},"25":{"start":{"line":26,"column":0},"end":{"line":26,"column":68}},"26":{"start":{"line":27,"column":0},"end":{"line":27,"column":82}},"27":{"start":{"line":28,"column":0},"end":{"line":28,"column":17}},"28":{"start":{"line":29,"column":0},"end":{"line":29,"column":67}},"29":{"start":{"line":30,"column":0},"end":{"line":30,"column":87}},"30":{"start":{"line":31,"column":0},"end":{"line":31,"column":17}},"31":{"start":{"line":32,"column":0},"end":{"line":32,"column":74}},"32":{"start":{"line":33,"column":0},"end":{"line":33,"column":72}},"33":{"start":{"line":34,"column":0},"end":{"line":34,"column":80}},"34":{"start":{"line":35,"column":0},"end":{"line":35,"column":75}},"35":{"start":{"line":36,"column":0},"end":{"line":36,"column":19}},"36":{"start":{"line":37,"column":0},"end":{"line":37,"column":53}},"37":{"start":{"line":38,"column":0},"end":{"line":38,"column":14}},"38":{"start":{"line":39,"column":0},"end":{"line":39,"column":31}},"39":{"start":{"line":40,"column":0},"end":{"line":40,"column":40}},"40":{"start":{"line":41,"column":0},"end":{"line":41,"column":14}},"41":{"start":{"line":42,"column":0},"end":{"line":42,"column":28}},"42":{"start":{"line":43,"column":0},"end":{"line":43,"column":36}},"43":{"start":{"line":44,"column":0},"end":{"line":44,"column":15}},"44":{"start":{"line":45,"column":0},"end":{"line":45,"column":21}},"45":{"start":{"line":46,"column":0},"end":{"line":46,"column":0}},"46":{"start":{"line":47,"column":0},"end":{"line":47,"column":12}},"47":{"start":{"line":48,"column":0},"end":{"line":48,"column":14}},"48":{"start":{"line":49,"column":0},"end":{"line":49,"column":114}},"49":{"start":{"line":50,"column":0},"end":{"line":50,"column":30}},"50":{"start":{"line":51,"column":0},"end":{"line":51,"column":97}},"51":{"start":{"line":52,"column":0},"end":{"line":52,"column":54}},"52":{"start":{"line":53,"column":0},"end":{"line":53,"column":69}},"53":{"start":{"line":54,"column":0},"end":{"line":54,"column":26}},"54":{"start":{"line":55,"column":0},"end":{"line":55,"column":41}},"55":{"start":{"line":56,"column":0},"end":{"line":56,"column":46}},"56":{"start":{"line":57,"column":0},"end":{"line":57,"column":70}},"57":{"start":{"line":58,"column":0},"end":{"line":58,"column":76}},"58":{"start":{"line":59,"column":0},"end":{"line":59,"column":26}},"59":{"start":{"line":60,"column":0},"end":{"line":60,"column":21}},"60":{"start":{"line":61,"column":0},"end":{"line":61,"column":25}},"61":{"start":{"line":62,"column":0},"end":{"line":62,"column":31}},"62":{"start":{"line":63,"column":0},"end":{"line":63,"column":29}},"63":{"start":{"line":64,"column":0},"end":{"line":64,"column":73}},"64":{"start":{"line":65,"column":0},"end":{"line":65,"column":69}},"65":{"start":{"line":66,"column":0},"end":{"line":66,"column":48}},"66":{"start":{"line":67,"column":0},"end":{"line":67,"column":54}},"67":{"start":{"line":68,"column":0},"end":{"line":68,"column":44}},"68":{"start":{"line":69,"column":0},"end":{"line":69,"column":29}},"69":{"start":{"line":70,"column":0},"end":{"line":70,"column":26}},"70":{"start":{"line":71,"column":0},"end":{"line":71,"column":33}},"71":{"start":{"line":72,"column":0},"end":{"line":72,"column":36}},"72":{"start":{"line":73,"column":0},"end":{"line":73,"column":96}},"73":{"start":{"line":74,"column":0},"end":{"line":74,"column":48}},"74":{"start":{"line":75,"column":0},"end":{"line":75,"column":68}},"75":{"start":{"line":76,"column":0},"end":{"line":76,"column":48}},"76":{"start":{"line":77,"column":0},"end":{"line":77,"column":46}},"77":{"start":{"line":78,"column":0},"end":{"line":78,"column":41}},"78":{"start":{"line":79,"column":0},"end":{"line":79,"column":53}},"79":{"start":{"line":80,"column":0},"end":{"line":80,"column":56}},"80":{"start":{"line":81,"column":0},"end":{"line":81,"column":57}},"81":{"start":{"line":82,"column":0},"end":{"line":82,"column":64}},"82":{"start":{"line":83,"column":0},"end":{"line":83,"column":42}},"83":{"start":{"line":84,"column":0},"end":{"line":84,"column":41}},"84":{"start":{"line":85,"column":0},"end":{"line":85,"column":53}},"85":{"start":{"line":86,"column":0},"end":{"line":86,"column":56}},"86":{"start":{"line":87,"column":0},"end":{"line":87,"column":57}},"87":{"start":{"line":88,"column":0},"end":{"line":88,"column":64}},"88":{"start":{"line":89,"column":0},"end":{"line":89,"column":42}},"89":{"start":{"line":90,"column":0},"end":{"line":90,"column":55}},"90":{"start":{"line":91,"column":0},"end":{"line":91,"column":37}},"91":{"start":{"line":92,"column":0},"end":{"line":92,"column":34}},"92":{"start":{"line":93,"column":0},"end":{"line":93,"column":44}},"93":{"start":{"line":94,"column":0},"end":{"line":94,"column":30}},"94":{"start":{"line":95,"column":0},"end":{"line":95,"column":36}},"95":{"start":{"line":96,"column":0},"end":{"line":96,"column":40}},"96":{"start":{"line":97,"column":0},"end":{"line":97,"column":98}},"97":{"start":{"line":98,"column":0},"end":{"line":98,"column":43}},"98":{"start":{"line":99,"column":0},"end":{"line":99,"column":73}},"99":{"start":{"line":100,"column":0},"end":{"line":100,"column":48}},"100":{"start":{"line":101,"column":0},"end":{"line":101,"column":37}},"101":{"start":{"line":102,"column":0},"end":{"line":102,"column":34}},"102":{"start":{"line":103,"column":0},"end":{"line":103,"column":30}},"103":{"start":{"line":104,"column":0},"end":{"line":104,"column":26}},"104":{"start":{"line":105,"column":0},"end":{"line":105,"column":22}},"105":{"start":{"line":106,"column":0},"end":{"line":106,"column":18}},"106":{"start":{"line":107,"column":0},"end":{"line":107,"column":26}},"107":{"start":{"line":108,"column":0},"end":{"line":108,"column":15}},"108":{"start":{"line":109,"column":0},"end":{"line":109,"column":6}},"109":{"start":{"line":110,"column":0},"end":{"line":110,"column":1}},"110":{"start":{"line":111,"column":0},"end":{"line":111,"column":0}},"111":{"start":{"line":112,"column":0},"end":{"line":112,"column":28}}},"s":{"0":1,"1":1,"2":1,"3":1,"4":1,"5":1,"6":1,"7":1,"8":1,"9":1,"10":1,"11":1,"12":1,"13":4,"14":4,"15":4,"16":4,"17":4,"18":2,"19":2,"20":1,"21":1,"22":1,"23":1,"24":1,"25":1,"26":0,"27":0,"28":1,"29":0,"30":0,"31":1,"32":5,"33":5,"34":5,"35":1,"36":1,"37":2,"38":2,"39":1,"40":2,"41":2,"42":2,"43":2,"44":4,"45":4,"46":4,"47":4,"48":4,"49":4,"50":2,"51":2,"52":2,"53":2,"54":2,"55":1,"56":1,"57":1,"58":1,"59":1,"60":1,"61":1,"62":1,"63":1,"64":1,"65":1,"66":1,"67":1,"68":1,"69":1,"70":1,"71":1,"72":1,"73":1,"74":1,"75":1,"76":1,"77":1,"78":1,"79":1,"80":1,"81":1,"82":1,"83":1,"84":1,"85":1,"86":1,"87":1,"88":1,"89":1,"90":1,"91":1,"92":1,"93":1,"94":1,"95":1,"96":1,"97":1,"98":1,"99":1,"100":1,"101":1,"102":1,"103":1,"104":1,"105":4,"106":4,"107":4,"108":4,"109":4,"110":1,"111":1},"branchMap":{"0":{"type":"branch","line":13,"loc":{"start":{"line":13,"column":21},"end":{"line":110,"column":1}},"locations":[{"start":{"line":13,"column":21},"end":{"line":110,"column":1}}]},"1":{"type":"branch","line":50,"loc":{"start":{"line":50,"column":17},"end":{"line":54,"column":26}},"locations":[{"start":{"line":50,"column":17},"end":{"line":54,"column":26}}]},"2":{"type":"branch","line":54,"loc":{"start":{"line":54,"column":20},"end":{"line":105,"column":22}},"locations":[{"start":{"line":54,"column":20},"end":{"line":105,"column":22}}]},"3":{"type":"branch","line":55,"loc":{"start":{"line":55,"column":36},"end":{"line":59,"column":26}},"locations":[{"start":{"line":55,"column":36},"end":{"line":59,"column":26}}]},"4":{"type":"branch","line":59,"loc":{"start":{"line":59,"column":20},"end":{"line":105,"column":22}},"locations":[{"start":{"line":59,"column":20},"end":{"line":105,"column":22}}]},"5":{"type":"branch","line":18,"loc":{"start":{"line":18,"column":14},"end":{"line":45,"column":7}},"locations":[{"start":{"line":18,"column":14},"end":{"line":45,"column":7}}]},"6":{"type":"branch","line":20,"loc":{"start":{"line":20,"column":18},"end":{"line":38,"column":13}},"locations":[{"start":{"line":20,"column":18},"end":{"line":38,"column":13}}]},"7":{"type":"branch","line":26,"loc":{"start":{"line":26,"column":67},"end":{"line":28,"column":17}},"locations":[{"start":{"line":26,"column":67},"end":{"line":28,"column":17}}]},"8":{"type":"branch","line":29,"loc":{"start":{"line":29,"column":66},"end":{"line":31,"column":17}},"locations":[{"start":{"line":29,"column":66},"end":{"line":31,"column":17}}]},"9":{"type":"branch","line":32,"loc":{"start":{"line":32,"column":56},"end":{"line":36,"column":17}},"locations":[{"start":{"line":32,"column":56},"end":{"line":36,"column":17}}]},"10":{"type":"branch","line":39,"loc":{"start":{"line":39,"column":19},"end":{"line":41,"column":13}},"locations":[{"start":{"line":39,"column":19},"end":{"line":41,"column":13}}]},"11":{"type":"branch","line":42,"loc":{"start":{"line":42,"column":21},"end":{"line":44,"column":13}},"locations":[{"start":{"line":42,"column":21},"end":{"line":44,"column":13}}]}},"b":{"0":[4],"1":[2],"2":[2],"3":[1],"4":[1],"5":[2],"6":[1],"7":[0],"8":[0],"9":[5],"10":[1],"11":[2]},"fnMap":{"0":{"name":"RevenueChart","decl":{"start":{"line":13,"column":21},"end":{"line":110,"column":1}},"loc":{"start":{"line":13,"column":21},"end":{"line":110,"column":1}},"line":13}},"f":{"0":4}}
,"C:\\Users\\ayush\\OneDrive\\Desktop\\Career\\Stock App\\stock-financial-data-viewer-3\\src\\components\\Dashboard\\StockInfoCard.tsx": {"path":"C:\\Users\\ayush\\OneDrive\\Desktop\\Career\\Stock App\\stock-financial-data-viewer-3\\src\\components\\Dashboard\\StockInfoCard.tsx","all":false,"statementMap":{"0":{"start":{"line":1,"column":0},"end":{"line":1,"column":38}},"1":{"start":{"line":2,"column":0},"end":{"line":2,"column":52}},"2":{"start":{"line":3,"column":0},"end":{"line":3,"column":50}},"3":{"start":{"line":4,"column":0},"end":{"line":4,"column":36}},"4":{"start":{"line":5,"column":0},"end":{"line":5,"column":48}},"5":{"start":{"line":6,"column":0},"end":{"line":6,"column":36}},"6":{"start":{"line":7,"column":0},"end":{"line":7,"column":45}},"7":{"start":{"line":8,"column":0},"end":{"line":8,"column":39}},"8":{"start":{"line":9,"column":0},"end":{"line":9,"column":41}},"9":{"start":{"line":10,"column":0},"end":{"line":10,"column":50}},"10":{"start":{"line":11,"column":0},"end":{"line":11,"column":44}},"11":{"start":{"line":12,"column":0},"end":{"line":12,"column":46}},"12":{"start":{"line":13,"column":0},"end":{"line":13,"column":66}},"13":{"start":{"line":14,"column":0},"end":{"line":14,"column":44}},"14":{"start":{"line":15,"column":0},"end":{"line":15,"column":56}},"15":{"start":{"line":16,"column":0},"end":{"line":16,"column":54}},"16":{"start":{"line":17,"column":0},"end":{"line":17,"column":48}},"17":{"start":{"line":18,"column":0},"end":{"line":18,"column":0}},"18":{"start":{"line":19,"column":0},"end":{"line":19,"column":81}},"19":{"start":{"line":20,"column":0},"end":{"line":20,"column":62}},"20":{"start":{"line":21,"column":0},"end":{"line":21,"column":18}},"21":{"start":{"line":22,"column":0},"end":{"line":22,"column":19}},"22":{"start":{"line":23,"column":0},"end":{"line":23,"column":25}},"23":{"start":{"line":24,"column":0},"end":{"line":24,"column":7}},"24":{"start":{"line":25,"column":0},"end":{"line":25,"column":68}},"25":{"start":{"line":26,"column":0},"end":{"line":26,"column":24}},"26":{"start":{"line":27,"column":0},"end":{"line":27,"column":31}},"27":{"start":{"line":28,"column":0},"end":{"line":28,"column":16}},"28":{"start":{"line":29,"column":0},"end":{"line":29,"column":20}},"29":{"start":{"line":30,"column":0},"end":{"line":30,"column":22}},"30":{"start":{"line":31,"column":0},"end":{"line":31,"column":31}},"31":{"start":{"line":32,"column":0},"end":{"line":32,"column":29}},"32":{"start":{"line":33,"column":0},"end":{"line":33,"column":7}},"33":{"start":{"line":34,"column":0},"end":{"line":34,"column":44}},"34":{"start":{"line":35,"column":0},"end":{"line":35,"column":75}},"35":{"start":{"line":36,"column":0},"end":{"line":36,"column":77}},"36":{"start":{"line":37,"column":0},"end":{"line":37,"column":62}},"37":{"start":{"line":38,"column":0},"end":{"line":38,"column":0}},"38":{"start":{"line":39,"column":0},"end":{"line":39,"column":73}},"39":{"start":{"line":40,"column":0},"end":{"line":40,"column":27}},"40":{"start":{"line":41,"column":0},"end":{"line":41,"column":6}},"41":{"start":{"line":42,"column":0},"end":{"line":42,"column":0}},"42":{"start":{"line":43,"column":0},"end":{"line":43,"column":43}},"43":{"start":{"line":44,"column":0},"end":{"line":44,"column":32}},"44":{"start":{"line":45,"column":0},"end":{"line":45,"column":55}},"45":{"start":{"line":46,"column":0},"end":{"line":46,"column":36}},"46":{"start":{"line":47,"column":0},"end":{"line":47,"column":52}},"47":{"start":{"line":48,"column":0},"end":{"line":48,"column":16}},"48":{"start":{"line":49,"column":0},"end":{"line":49,"column":34}},"49":{"start":{"line":50,"column":0},"end":{"line":50,"column":9}},"50":{"start":{"line":51,"column":0},"end":{"line":51,"column":6}},"51":{"start":{"line":52,"column":0},"end":{"line":52,"column":0}},"52":{"start":{"line":53,"column":0},"end":{"line":53,"column":21}},"53":{"start":{"line":54,"column":0},"end":{"line":54,"column":38}},"54":{"start":{"line":55,"column":0},"end":{"line":55,"column":36}},"55":{"start":{"line":56,"column":0},"end":{"line":56,"column":68}},"56":{"start":{"line":57,"column":0},"end":{"line":57,"column":82}},"57":{"start":{"line":58,"column":0},"end":{"line":58,"column":17}},"58":{"start":{"line":59,"column":0},"end":{"line":59,"column":32}},"59":{"start":{"line":60,"column":0},"end":{"line":60,"column":65}},"60":{"start":{"line":61,"column":0},"end":{"line":61,"column":79}},"61":{"start":{"line":62,"column":0},"end":{"line":62,"column":49}},"62":{"start":{"line":63,"column":0},"end":{"line":63,"column":57}},"63":{"start":{"line":64,"column":0},"end":{"line":64,"column":72}},"64":{"start":{"line":65,"column":0},"end":{"line":65,"column":79}},"65":{"start":{"line":66,"column":0},"end":{"line":66,"column":109}},"66":{"start":{"line":67,"column":0},"end":{"line":67,"column":19}},"67":{"start":{"line":68,"column":0},"end":{"line":68,"column":14}},"68":{"start":{"line":69,"column":0},"end":{"line":69,"column":31}},"69":{"start":{"line":70,"column":0},"end":{"line":70,"column":53}},"70":{"start":{"line":71,"column":0},"end":{"line":71,"column":14}},"71":{"start":{"line":72,"column":0},"end":{"line":72,"column":33}},"72":{"start":{"line":73,"column":0},"end":{"line":73,"column":30}},"73":{"start":{"line":74,"column":0},"end":{"line":74,"column":63}},"74":{"start":{"line":75,"column":0},"end":{"line":75,"column":86}},"75":{"start":{"line":76,"column":0},"end":{"line":76,"column":17}},"76":{"start":{"line":77,"column":0},"end":{"line":77,"column":61}},"77":{"start":{"line":78,"column":0},"end":{"line":78,"column":31}},"78":{"start":{"line":79,"column":0},"end":{"line":79,"column":50}},"79":{"start":{"line":80,"column":0},"end":{"line":80,"column":52}},"80":{"start":{"line":81,"column":0},"end":{"line":81,"column":66}},"81":{"start":{"line":82,"column":0},"end":{"line":82,"column":19}},"82":{"start":{"line":83,"column":0},"end":{"line":83,"column":14}},"83":{"start":{"line":84,"column":0},"end":{"line":84,"column":31}},"84":{"start":{"line":85,"column":0},"end":{"line":85,"column":52}},"85":{"start":{"line":86,"column":0},"end":{"line":86,"column":14}},"86":{"start":{"line":87,"column":0},"end":{"line":87,"column":28}},"87":{"start":{"line":88,"column":0},"end":{"line":88,"column":36}},"88":{"start":{"line":89,"column":0},"end":{"line":89,"column":14}},"89":{"start":{"line":90,"column":0},"end":{"line":90,"column":21}},"90":{"start":{"line":91,"column":0},"end":{"line":91,"column":0}},"91":{"start":{"line":92,"column":0},"end":{"line":92,"column":12}},"92":{"start":{"line":93,"column":0},"end":{"line":93,"column":14}},"93":{"start":{"line":94,"column":0},"end":{"line":94,"column":91}},"94":{"start":{"line":95,"column":0},"end":{"line":95,"column":41}},"95":{"start":{"line":96,"column":0},"end":{"line":96,"column":32}},"96":{"start":{"line":97,"column":0},"end":{"line":97,"column":29}},"97":{"start":{"line":98,"column":0},"end":{"line":98,"column":77}},"98":{"start":{"line":99,"column":0},"end":{"line":99,"column":33}},"99":{"start":{"line":100,"column":0},"end":{"line":100,"column":29}},"100":{"start":{"line":101,"column":0},"end":{"line":101,"column":76}},"101":{"start":{"line":102,"column":0},"end":{"line":102,"column":34}},"102":{"start":{"line":103,"column":0},"end":{"line":103,"column":104}},"103":{"start":{"line":104,"column":0},"end":{"line":104,"column":58}},"104":{"start":{"line":105,"column":0},"end":{"line":105,"column":76}},"105":{"start":{"line":106,"column":0},"end":{"line":106,"column":70}},"106":{"start":{"line":107,"column":0},"end":{"line":107,"column":68}},"107":{"start":{"line":108,"column":0},"end":{"line":108,"column":30}},"108":{"start":{"line":109,"column":0},"end":{"line":109,"column":25}},"109":{"start":{"line":110,"column":0},"end":{"line":110,"column":26}},"110":{"start":{"line":111,"column":0},"end":{"line":111,"column":75}},"111":{"start":{"line":112,"column":0},"end":{"line":112,"column":84}},"112":{"start":{"line":113,"column":0},"end":{"line":113,"column":41}},"113":{"start":{"line":114,"column":0},"end":{"line":114,"column":113}},"114":{"start":{"line":115,"column":0},"end":{"line":115,"column":140}},"115":{"start":{"line":116,"column":0},"end":{"line":116,"column":41}},"116":{"start":{"line":117,"column":0},"end":{"line":117,"column":27}},"117":{"start":{"line":118,"column":0},"end":{"line":118,"column":22}},"118":{"start":{"line":119,"column":0},"end":{"line":119,"column":22}},"119":{"start":{"line":120,"column":0},"end":{"line":120,"column":42}},"120":{"start":{"line":121,"column":0},"end":{"line":121,"column":74}},"121":{"start":{"line":122,"column":0},"end":{"line":122,"column":94}},"122":{"start":{"line":123,"column":0},"end":{"line":123,"column":68}},"123":{"start":{"line":124,"column":0},"end":{"line":124,"column":73}},"124":{"start":{"line":125,"column":0},"end":{"line":125,"column":34}},"125":{"start":{"line":126,"column":0},"end":{"line":126,"column":26}},"126":{"start":{"line":127,"column":0},"end":{"line":127,"column":40}},"127":{"start":{"line":128,"column":0},"end":{"line":128,"column":38}},"128":{"start":{"line":129,"column":0},"end":{"line":129,"column":128}},"129":{"start":{"line":130,"column":0},"end":{"line":130,"column":107}},"130":{"start":{"line":131,"column":0},"end":{"line":131,"column":89}},"131":{"start":{"line":132,"column":0},"end":{"line":132,"column":39}},"132":{"start":{"line":133,"column":0},"end":{"line":133,"column":107}},"133":{"start":{"line":134,"column":0},"end":{"line":134,"column":89}},"134":{"start":{"line":135,"column":0},"end":{"line":135,"column":39}},"135":{"start":{"line":136,"column":0},"end":{"line":136,"column":107}},"136":{"start":{"line":137,"column":0},"end":{"line":137,"column":89}},"137":{"start":{"line":138,"column":0},"end":{"line":138,"column":39}},"138":{"start":{"line":139,"column":0},"end":{"line":139,"column":107}},"139":{"start":{"line":140,"column":0},"end":{"line":140,"column":89}},"140":{"start":{"line":141,"column":0},"end":{"line":141,"column":39}},"141":{"start":{"line":142,"column":0},"end":{"line":142,"column":107}},"142":{"start":{"line":143,"column":0},"end":{"line":143,"column":89}},"143":{"start":{"line":144,"column":0},"end":{"line":144,"column":39}},"144":{"start":{"line":145,"column":0},"end":{"line":145,"column":107}},"145":{"start":{"line":146,"column":0},"end":{"line":146,"column":89}},"146":{"start":{"line":147,"column":0},"end":{"line":147,"column":39}},"147":{"start":{"line":148,"column":0},"end":{"line":148,"column":35}},"148":{"start":{"line":149,"column":0},"end":{"line":149,"column":63}},"149":{"start":{"line":150,"column":0},"end":{"line":150,"column":30}},"150":{"start":{"line":151,"column":0},"end":{"line":151,"column":43}},"151":{"start":{"line":152,"column":0},"end":{"line":152,"column":163}},"152":{"start":{"line":153,"column":0},"end":{"line":153,"column":47}},"153":{"start":{"line":154,"column":0},"end":{"line":154,"column":78}},"154":{"start":{"line":155,"column":0},"end":{"line":155,"column":90}},"155":{"start":{"line":156,"column":0},"end":{"line":156,"column":38}},"156":{"start":{"line":157,"column":0},"end":{"line":157,"column":31}},"157":{"start":{"line":158,"column":0},"end":{"line":158,"column":29}},"158":{"start":{"line":159,"column":0},"end":{"line":159,"column":99}},"159":{"start":{"line":160,"column":0},"end":{"line":160,"column":107}},"160":{"start":{"line":161,"column":0},"end":{"line":161,"column":97}},"161":{"start":{"line":162,"column":0},"end":{"line":162,"column":109}},"162":{"start":{"line":163,"column":0},"end":{"line":163,"column":39}},"163":{"start":{"line":164,"column":0},"end":{"line":164,"column":107}},"164":{"start":{"line":165,"column":0},"end":{"line":165,"column":77}},"165":{"start":{"line":166,"column":0},"end":{"line":166,"column":94}},"166":{"start":{"line":167,"column":0},"end":{"line":167,"column":39}},"167":{"start":{"line":168,"column":0},"end":{"line":168,"column":107}},"168":{"start":{"line":169,"column":0},"end":{"line":169,"column":81}},"169":{"start":{"line":170,"column":0},"end":{"line":170,"column":98}},"170":{"start":{"line":171,"column":0},"end":{"line":171,"column":39}},"171":{"start":{"line":172,"column":0},"end":{"line":172,"column":107}},"172":{"start":{"line":173,"column":0},"end":{"line":173,"column":84}},"173":{"start":{"line":174,"column":0},"end":{"line":174,"column":124}},"174":{"start":{"line":175,"column":0},"end":{"line":175,"column":39}},"175":{"start":{"line":176,"column":0},"end":{"line":176,"column":107}},"176":{"start":{"line":177,"column":0},"end":{"line":177,"column":94}},"177":{"start":{"line":178,"column":0},"end":{"line":178,"column":109}},"178":{"start":{"line":179,"column":0},"end":{"line":179,"column":39}},"179":{"start":{"line":180,"column":0},"end":{"line":180,"column":107}},"180":{"start":{"line":181,"column":0},"end":{"line":181,"column":87}},"181":{"start":{"line":182,"column":0},"end":{"line":182,"column":108}},"182":{"start":{"line":183,"column":0},"end":{"line":183,"column":39}},"183":{"start":{"line":184,"column":0},"end":{"line":184,"column":35}},"184":{"start":{"line":185,"column":0},"end":{"line":185,"column":26}},"185":{"start":{"line":186,"column":0},"end":{"line":186,"column":31}},"186":{"start":{"line":187,"column":0},"end":{"line":187,"column":40}},"187":{"start":{"line":188,"column":0},"end":{"line":188,"column":38}},"188":{"start":{"line":189,"column":0},"end":{"line":189,"column":83}},"189":{"start":{"line":190,"column":0},"end":{"line":190,"column":63}},"190":{"start":{"line":191,"column":0},"end":{"line":191,"column":30}},"191":{"start":{"line":192,"column":0},"end":{"line":192,"column":43}},"192":{"start":{"line":193,"column":0},"end":{"line":193,"column":163}},"193":{"start":{"line":194,"column":0},"end":{"line":194,"column":47}},"194":{"start":{"line":195,"column":0},"end":{"line":195,"column":78}},"195":{"start":{"line":196,"column":0},"end":{"line":196,"column":90}},"196":{"start":{"line":197,"column":0},"end":{"line":197,"column":38}},"197":{"start":{"line":198,"column":0},"end":{"line":198,"column":31}},"198":{"start":{"line":199,"column":0},"end":{"line":199,"column":29}},"199":{"start":{"line":200,"column":0},"end":{"line":200,"column":56}},"200":{"start":{"line":201,"column":0},"end":{"line":201,"column":57}},"201":{"start":{"line":202,"column":0},"end":{"line":202,"column":41}},"202":{"start":{"line":203,"column":0},"end":{"line":203,"column":26}},"203":{"start":{"line":204,"column":0},"end":{"line":204,"column":31}},"204":{"start":{"line":205,"column":0},"end":{"line":205,"column":29}},"205":{"start":{"line":206,"column":0},"end":{"line":206,"column":26}},"206":{"start":{"line":207,"column":0},"end":{"line":207,"column":15}},"207":{"start":{"line":208,"column":0},"end":{"line":208,"column":6}},"208":{"start":{"line":209,"column":0},"end":{"line":209,"column":1}},"209":{"start":{"line":210,"column":0},"end":{"line":210,"column":0}},"210":{"start":{"line":211,"column":0},"end":{"line":211,"column":29}}},"s":{"0":1,"1":1,"2":1,"3":1,"4":1,"5":1,"6":1,"7":1,"8":1,"9":1,"10":1,"11":1,"12":1,"13":1,"14":1,"15":1,"16":1,"17":1,"18":1,"19":8,"20":8,"21":8,"22":8,"23":8,"24":8,"25":8,"26":8,"27":8,"28":8,"29":8,"30":8,"31":8,"32":8,"33":8,"34":8,"35":8,"36":8,"37":8,"38":8,"39":0,"40":0,"41":8,"42":8,"43":2,"44":2,"45":2,"46":0,"47":0,"48":0,"49":0,"50":2,"51":8,"52":8,"53":4,"54":4,"55":2,"56":0,"57":0,"58":2,"59":2,"60":2,"61":2,"62":2,"63":2,"64":2,"65":2,"66":2,"67":4,"68":4,"69":2,"70":4,"71":4,"72":4,"73":2,"74":0,"75":0,"76":2,"77":2,"78":2,"79":2,"80":2,"81":2,"82":4,"83":4,"84":2,"85":4,"86":4,"87":4,"88":4,"89":8,"90":8,"91":8,"92":8,"93":8,"94":8,"95":8,"96":8,"97":8,"98":8,"99":8,"100":8,"101":8,"102":4,"103":4,"104":2,"105":2,"106":2,"107":2,"108":2,"109":2,"110":2,"111":2,"112":2,"113":2,"114":2,"115":2,"116":2,"117":8,"118":8,"119":8,"120":8,"121":8,"122":8,"123":8,"124":8,"125":8,"126":8,"127":8,"128":4,"129":4,"130":4,"131":4,"132":4,"133":4,"134":4,"135":4,"136":4,"137":4,"138":4,"139":4,"140":4,"141":4,"142":4,"143":4,"144":4,"145":4,"146":4,"147":4,"148":4,"149":2,"150":2,"151":2,"152":2,"153":2,"154":2,"155":2,"156":2,"157":2,"158":2,"159":2,"160":2,"161":2,"162":2,"163":2,"164":2,"165":2,"166":2,"167":2,"168":2,"169":2,"170":2,"171":2,"172":2,"173":2,"174":2,"175":2,"176":2,"177":2,"178":2,"179":2,"180":2,"181":2,"182":2,"183":2,"184":8,"185":8,"186":8,"187":8,"188":4,"189":4,"190":2,"191":2,"192":2,"193":2,"194":2,"195":2,"196":2,"197":2,"198":2,"199":2,"200":2,"201":2,"202":8,"203":8,"204":8,"205":8,"206":8,"207":8,"208":8,"209":1,"210":1},"branchMap":{"0":{"type":"branch","line":19,"loc":{"start":{"line":19,"column":22},"end":{"line":209,"column":1}},"locations":[{"start":{"line":19,"column":22},"end":{"line":209,"column":1}}]},"1":{"type":"branch","line":102,"loc":{"start":{"line":102,"column":21},"end":{"line":103,"column":104}},"locations":[{"start":{"line":102,"column":21},"end":{"line":103,"column":104}}]},"2":{"type":"branch","line":103,"loc":{"start":{"line":103,"column":102},"end":{"line":117,"column":27}},"locations":[{"start":{"line":103,"column":102},"end":{"line":117,"column":27}}]},"3":{"type":"branch","line":104,"loc":{"start":{"line":104,"column":53},"end":{"line":108,"column":30}},"locations":[{"start":{"line":104,"column":53},"end":{"line":108,"column":30}}]},"4":{"type":"branch","line":108,"loc":{"start":{"line":108,"column":24},"end":{"line":117,"column":27}},"locations":[{"start":{"line":108,"column":24},"end":{"line":117,"column":27}}]},"5":{"type":"branch","line":114,"loc":{"start":{"line":114,"column":96},"end":{"line":114,"column":113}},"locations":[{"start":{"line":114,"column":96},"end":{"line":114,"column":113}}]},"6":{"type":"branch","line":128,"loc":{"start":{"line":128,"column":25},"end":{"line":148,"column":35}},"locations":[{"start":{"line":128,"column":25},"end":{"line":148,"column":35}}]},"7":{"type":"branch","line":148,"loc":{"start":{"line":148,"column":28},"end":{"line":184,"column":35}},"locations":[{"start":{"line":148,"column":28},"end":{"line":184,"column":35}}]},"8":{"type":"branch","line":149,"loc":{"start":{"line":149,"column":58},"end":{"line":157,"column":31}},"locations":[{"start":{"line":149,"column":58},"end":{"line":157,"column":31}}]},"9":{"type":"branch","line":157,"loc":{"start":{"line":157,"column":28},"end":{"line":184,"column":35}},"locations":[{"start":{"line":157,"column":28},"end":{"line":184,"column":35}}]},"10":{"type":"branch","line":188,"loc":{"start":{"line":188,"column":25},"end":{"line":189,"column":83}},"locations":[{"start":{"line":188,"column":25},"end":{"line":189,"column":83}}]},"11":{"type":"branch","line":189,"loc":{"start":{"line":189,"column":81},"end":{"line":202,"column":41}},"locations":[{"start":{"line":189,"column":81},"end":{"line":202,"column":41}}]},"12":{"type":"branch","line":190,"loc":{"start":{"line":190,"column":58},"end":{"line":198,"column":31}},"locations":[{"start":{"line":190,"column":58},"end":{"line":198,"column":31}}]},"13":{"type":"branch","line":198,"loc":{"start":{"line":198,"column":28},"end":{"line":202,"column":41}},"locations":[{"start":{"line":198,"column":28},"end":{"line":202,"column":41}}]},"14":{"type":"branch","line":43,"loc":{"start":{"line":43,"column":25},"end":{"line":51,"column":6}},"locations":[{"start":{"line":43,"column":25},"end":{"line":51,"column":6}}]},"15":{"type":"branch","line":46,"loc":{"start":{"line":46,"column":8},"end":{"line":50,"column":9}},"locations":[{"start":{"line":46,"column":8},"end":{"line":50,"column":9}}]},"16":{"type":"branch","line":53,"loc":{"start":{"line":53,"column":14},"end":{"line":90,"column":7}},"locations":[{"start":{"line":53,"column":14},"end":{"line":90,"column":7}}]},"17":{"type":"branch","line":55,"loc":{"start":{"line":55,"column":18},"end":{"line":68,"column":13}},"locations":[{"start":{"line":55,"column":18},"end":{"line":68,"column":13}}]},"18":{"type":"branch","line":56,"loc":{"start":{"line":56,"column":67},"end":{"line":58,"column":17}},"locations":[{"start":{"line":56,"column":67},"end":{"line":58,"column":17}}]},"19":{"type":"branch","line":69,"loc":{"start":{"line":69,"column":19},"end":{"line":71,"column":13}},"locations":[{"start":{"line":69,"column":19},"end":{"line":71,"column":13}}]},"20":{"type":"branch","line":73,"loc":{"start":{"line":73,"column":18},"end":{"line":83,"column":13}},"locations":[{"start":{"line":73,"column":18},"end":{"line":83,"column":13}}]},"21":{"type":"branch","line":74,"loc":{"start":{"line":74,"column":62},"end":{"line":76,"column":17}},"locations":[{"start":{"line":74,"column":62},"end":{"line":76,"column":17}}]},"22":{"type":"branch","line":84,"loc":{"start":{"line":84,"column":19},"end":{"line":86,"column":13}},"locations":[{"start":{"line":84,"column":19},"end":{"line":86,"column":13}}]},"23":{"type":"branch","line":87,"loc":{"start":{"line":87,"column":21},"end":{"line":89,"column":13}},"locations":[{"start":{"line":87,"column":21},"end":{"line":89,"column":13}}]}},"b":{"0":[8],"1":[4],"2":[4],"3":[2],"4":[2],"5":[0],"6":[4],"7":[4],"8":[2],"9":[2],"10":[4],"11":[4],"12":[2],"13":[2],"14":[2],"15":[0],"16":[4],"17":[2],"18":[0],"19":[2],"20":[2],"21":[0],"22":[2],"23":[4]},"fnMap":{"0":{"name":"StockInfoCard","decl":{"start":{"line":19,"column":22},"end":{"line":209,"column":1}},"loc":{"start":{"line":19,"column":22},"end":{"line":209,"column":1}},"line":19},"1":{"name":"handleChange","decl":{"start":{"line":39,"column":25},"end":{"line":41,"column":6}},"loc":{"start":{"line":39,"column":25},"end":{"line":41,"column":6}},"line":39},"2":{"name":"formatNumber","decl":{"start":{"line":43,"column":25},"end":{"line":51,"column":6}},"loc":{"start":{"line":43,"column":25},"end":{"line":51,"column":6}},"line":43}},"f":{"0":8,"1":0,"2":2}}
,"C:\\Users\\ayush\\OneDrive\\Desktop\\Career\\Stock App\\stock-financial-data-viewer-3\\src\\components\\Dashboard\\StockPriceChart.tsx": {"path":"C:\\Users\\ayush\\OneDrive\\Desktop\\Career\\Stock App\\stock-financial-data-viewer-3\\src\\components\\Dashboard\\StockPriceChart.tsx","all":false,"statementMap":{"0":{"start":{"line":1,"column":0},"end":{"line":1,"column":38}},"1":{"start":{"line":2,"column":0},"end":{"line":2,"column":52}},"2":{"start":{"line":3,"column":0},"end":{"line":3,"column":35}},"3":{"start":{"line":4,"column":0},"end":{"line":4,"column":36}},"4":{"start":{"line":5,"column":0},"end":{"line":5,"column":50}},"5":{"start":{"line":6,"column":0},"end":{"line":6,"column":50}},"6":{"start":{"line":7,"column":0},"end":{"line":7,"column":49}},"7":{"start":{"line":8,"column":0},"end":{"line":8,"column":44}},"8":{"start":{"line":9,"column":0},"end":{"line":9,"column":60}},"9":{"start":{"line":10,"column":0},"end":{"line":10,"column":66}},"10":{"start":{"line":11,"column":0},"end":{"line":11,"column":0}},"11":{"start":{"line":12,"column":0},"end":{"line":12,"column":97}},"12":{"start":{"line":13,"column":0},"end":{"line":13,"column":89}},"13":{"start":{"line":14,"column":0},"end":{"line":14,"column":22}},"14":{"start":{"line":15,"column":0},"end":{"line":15,"column":23}},"15":{"start":{"line":16,"column":0},"end":{"line":16,"column":20}},"16":{"start":{"line":17,"column":0},"end":{"line":17,"column":7}},"17":{"start":{"line":18,"column":0},"end":{"line":18,"column":51}},"18":{"start":{"line":19,"column":0},"end":{"line":19,"column":62}},"19":{"start":{"line":20,"column":0},"end":{"line":20,"column":0}},"20":{"start":{"line":21,"column":0},"end":{"line":21,"column":21}},"21":{"start":{"line":22,"column":0},"end":{"line":22,"column":47}},"22":{"start":{"line":23,"column":0},"end":{"line":23,"column":34}},"23":{"start":{"line":24,"column":0},"end":{"line":24,"column":73}},"24":{"start":{"line":25,"column":0},"end":{"line":25,"column":79}},"25":{"start":{"line":26,"column":0},"end":{"line":26,"column":17}},"26":{"start":{"line":27,"column":0},"end":{"line":27,"column":72}},"27":{"start":{"line":28,"column":0},"end":{"line":28,"column":84}},"28":{"start":{"line":29,"column":0},"end":{"line":29,"column":17}},"29":{"start":{"line":30,"column":0},"end":{"line":30,"column":76}},"30":{"start":{"line":31,"column":0},"end":{"line":31,"column":57}},"31":{"start":{"line":32,"column":0},"end":{"line":32,"column":34}},"32":{"start":{"line":33,"column":0},"end":{"line":33,"column":35}},"33":{"start":{"line":34,"column":0},"end":{"line":34,"column":32}},"34":{"start":{"line":35,"column":0},"end":{"line":35,"column":18}},"35":{"start":{"line":36,"column":0},"end":{"line":36,"column":50}},"36":{"start":{"line":37,"column":0},"end":{"line":37,"column":77}},"37":{"start":{"line":38,"column":0},"end":{"line":38,"column":79}},"38":{"start":{"line":39,"column":0},"end":{"line":39,"column":49}},"39":{"start":{"line":40,"column":0},"end":{"line":40,"column":17}},"40":{"start":{"line":41,"column":0},"end":{"line":41,"column":51}},"41":{"start":{"line":42,"column":0},"end":{"line":42,"column":14}},"42":{"start":{"line":43,"column":0},"end":{"line":43,"column":31}},"43":{"start":{"line":44,"column":0},"end":{"line":44,"column":40}},"44":{"start":{"line":45,"column":0},"end":{"line":45,"column":14}},"45":{"start":{"line":46,"column":0},"end":{"line":46,"column":28}},"46":{"start":{"line":47,"column":0},"end":{"line":47,"column":36}},"47":{"start":{"line":48,"column":0},"end":{"line":48,"column":14}},"48":{"start":{"line":49,"column":0},"end":{"line":49,"column":21}},"49":{"start":{"line":50,"column":0},"end":{"line":50,"column":0}},"50":{"start":{"line":51,"column":0},"end":{"line":51,"column":12}},"51":{"start":{"line":52,"column":0},"end":{"line":52,"column":14}},"52":{"start":{"line":53,"column":0},"end":{"line":53,"column":114}},"53":{"start":{"line":54,"column":0},"end":{"line":54,"column":30}},"54":{"start":{"line":55,"column":0},"end":{"line":55,"column":97}},"55":{"start":{"line":56,"column":0},"end":{"line":56,"column":54}},"56":{"start":{"line":57,"column":0},"end":{"line":57,"column":69}},"57":{"start":{"line":58,"column":0},"end":{"line":58,"column":26}},"58":{"start":{"line":59,"column":0},"end":{"line":59,"column":42}},"59":{"start":{"line":60,"column":0},"end":{"line":60,"column":46}},"60":{"start":{"line":61,"column":0},"end":{"line":61,"column":70}},"61":{"start":{"line":62,"column":0},"end":{"line":62,"column":76}},"62":{"start":{"line":63,"column":0},"end":{"line":63,"column":26}},"63":{"start":{"line":64,"column":0},"end":{"line":64,"column":21}},"64":{"start":{"line":65,"column":0},"end":{"line":65,"column":25}},"65":{"start":{"line":66,"column":0},"end":{"line":66,"column":31}},"66":{"start":{"line":67,"column":0},"end":{"line":67,"column":29}},"67":{"start":{"line":68,"column":0},"end":{"line":68,"column":64}},"68":{"start":{"line":69,"column":0},"end":{"line":69,"column":65}},"69":{"start":{"line":70,"column":0},"end":{"line":70,"column":48}},"70":{"start":{"line":71,"column":0},"end":{"line":71,"column":54}},"71":{"start":{"line":72,"column":0},"end":{"line":72,"column":44}},"72":{"start":{"line":73,"column":0},"end":{"line":73,"column":30}},"73":{"start":{"line":74,"column":0},"end":{"line":74,"column":29}},"74":{"start":{"line":75,"column":0},"end":{"line":75,"column":64}},"75":{"start":{"line":76,"column":0},"end":{"line":76,"column":66}},"76":{"start":{"line":77,"column":0},"end":{"line":77,"column":48}},"77":{"start":{"line":78,"column":0},"end":{"line":78,"column":54}},"78":{"start":{"line":79,"column":0},"end":{"line":79,"column":45}},"79":{"start":{"line":80,"column":0},"end":{"line":80,"column":30}},"80":{"start":{"line":81,"column":0},"end":{"line":81,"column":26}},"81":{"start":{"line":82,"column":0},"end":{"line":82,"column":33}},"82":{"start":{"line":83,"column":0},"end":{"line":83,"column":36}},"83":{"start":{"line":84,"column":0},"end":{"line":84,"column":40}},"84":{"start":{"line":85,"column":0},"end":{"line":85,"column":43}},"85":{"start":{"line":86,"column":0},"end":{"line":86,"column":73}},"86":{"start":{"line":87,"column":0},"end":{"line":87,"column":48}},"87":{"start":{"line":88,"column":0},"end":{"line":88,"column":37}},"88":{"start":{"line":89,"column":0},"end":{"line":89,"column":34}},"89":{"start":{"line":90,"column":0},"end":{"line":90,"column":48}},"90":{"start":{"line":91,"column":0},"end":{"line":91,"column":68}},"91":{"start":{"line":92,"column":0},"end":{"line":92,"column":48}},"92":{"start":{"line":93,"column":0},"end":{"line":93,"column":46}},"93":{"start":{"line":94,"column":0},"end":{"line":94,"column":41}},"94":{"start":{"line":95,"column":0},"end":{"line":95,"column":53}},"95":{"start":{"line":96,"column":0},"end":{"line":96,"column":56}},"96":{"start":{"line":97,"column":0},"end":{"line":97,"column":58}},"97":{"start":{"line":98,"column":0},"end":{"line":98,"column":64}},"98":{"start":{"line":99,"column":0},"end":{"line":99,"column":42}},"99":{"start":{"line":100,"column":0},"end":{"line":100,"column":41}},"100":{"start":{"line":101,"column":0},"end":{"line":101,"column":53}},"101":{"start":{"line":102,"column":0},"end":{"line":102,"column":56}},"102":{"start":{"line":103,"column":0},"end":{"line":103,"column":58}},"103":{"start":{"line":104,"column":0},"end":{"line":104,"column":64}},"104":{"start":{"line":105,"column":0},"end":{"line":105,"column":42}},"105":{"start":{"line":106,"column":0},"end":{"line":106,"column":41}},"106":{"start":{"line":107,"column":0},"end":{"line":107,"column":53}},"107":{"start":{"line":108,"column":0},"end":{"line":108,"column":56}},"108":{"start":{"line":109,"column":0},"end":{"line":109,"column":58}},"109":{"start":{"line":110,"column":0},"end":{"line":110,"column":64}},"110":{"start":{"line":111,"column":0},"end":{"line":111,"column":42}},"111":{"start":{"line":112,"column":0},"end":{"line":112,"column":55}},"112":{"start":{"line":113,"column":0},"end":{"line":113,"column":37}},"113":{"start":{"line":114,"column":0},"end":{"line":114,"column":34}},"114":{"start":{"line":115,"column":0},"end":{"line":115,"column":44}},"115":{"start":{"line":116,"column":0},"end":{"line":116,"column":30}},"116":{"start":{"line":117,"column
[...]
"line":510,"column":34}},"510":{"start":{"line":511,"column":0},"end":{"line":511,"column":33}},"511":{"start":{"line":512,"column":0},"end":{"line":512,"column":35}},"512":{"start":{"line":513,"column":0},"end":{"line":513,"column":32}},"513":{"start":{"line":514,"column":0},"end":{"line":514,"column":10}},"514":{"start":{"line":515,"column":0},"end":{"line":515,"column":32}},"515":{"start":{"line":516,"column":0},"end":{"line":516,"column":34}},"516":{"start":{"line":517,"column":0},"end":{"line":517,"column":34}},"517":{"start":{"line":518,"column":0},"end":{"line":518,"column":33}},"518":{"start":{"line":519,"column":0},"end":{"line":519,"column":35}},"519":{"start":{"line":520,"column":0},"end":{"line":520,"column":32}},"520":{"start":{"line":521,"column":0},"end":{"line":521,"column":10}},"521":{"start":{"line":522,"column":0},"end":{"line":522,"column":32}},"522":{"start":{"line":523,"column":0},"end":{"line":523,"column":34}},"523":{"start":{"line":524,"column":0},"end":{"line":524,"column":34}},"524":{"start":{"line":525,"column":0},"end":{"line":525,"column":33}},"525":{"start":{"line":526,"column":0},"end":{"line":526,"column":35}},"526":{"start":{"line":527,"column":0},"end":{"line":527,"column":32}},"527":{"start":{"line":528,"column":0},"end":{"line":528,"column":10}},"528":{"start":{"line":529,"column":0},"end":{"line":529,"column":32}},"529":{"start":{"line":530,"column":0},"end":{"line":530,"column":34}},"530":{"start":{"line":531,"column":0},"end":{"line":531,"column":34}},"531":{"start":{"line":532,"column":0},"end":{"line":532,"column":33}},"532":{"start":{"line":533,"column":0},"end":{"line":533,"column":35}},"533":{"start":{"line":534,"column":0},"end":{"line":534,"column":32}},"534":{"start":{"line":535,"column":0},"end":{"line":535,"column":10}},"535":{"start":{"line":536,"column":0},"end":{"line":536,"column":32}},"536":{"start":{"line":537,"column":0},"end":{"line":537,"column":34}},"537":{"start":{"line":538,"column":0},"end":{"line":538,"column":34}},"538":{"start":{"line":539,"column":0},"end":{"line":539,"column":33}},"539":{"start":{"line":540,"column":0},"end":{"line":540,"column":35}},"540":{"start":{"line":541,"column":0},"end":{"line":541,"column":32}},"541":{"start":{"line":542,"column":0},"end":{"line":542,"column":10}},"542":{"start":{"line":543,"column":0},"end":{"line":543,"column":32}},"543":{"start":{"line":544,"column":0},"end":{"line":544,"column":34}},"544":{"start":{"line":545,"column":0},"end":{"line":545,"column":34}},"545":{"start":{"line":546,"column":0},"end":{"line":546,"column":33}},"546":{"start":{"line":547,"column":0},"end":{"line":547,"column":35}},"547":{"start":{"line":548,"column":0},"end":{"line":548,"column":32}},"548":{"start":{"line":549,"column":0},"end":{"line":549,"column":10}},"549":{"start":{"line":550,"column":0},"end":{"line":550,"column":32}},"550":{"start":{"line":551,"column":0},"end":{"line":551,"column":34}},"551":{"start":{"line":552,"column":0},"end":{"line":552,"column":34}},"552":{"start":{"line":553,"column":0},"end":{"line":553,"column":33}},"553":{"start":{"line":554,"column":0},"end":{"line":554,"column":35}},"554":{"start":{"line":555,"column":0},"end":{"line":555,"column":32}},"555":{"start":{"line":556,"column":0},"end":{"line":556,"column":10}},"556":{"start":{"line":557,"column":0},"end":{"line":557,"column":32}},"557":{"start":{"line":558,"column":0},"end":{"line":558,"column":34}},"558":{"start":{"line":559,"column":0},"end":{"line":559,"column":34}},"559":{"start":{"line":560,"column":0},"end":{"line":560,"column":33}},"560":{"start":{"line":561,"column":0},"end":{"line":561,"column":35}},"561":{"start":{"line":562,"column":0},"end":{"line":562,"column":32}},"562":{"start":{"line":563,"column":0},"end":{"line":563,"column":10}},"563":{"start":{"line":564,"column":0},"end":{"line":564,"column":32}},"564":{"start":{"line":565,"column":0},"end":{"line":565,"column":34}},"565":{"start":{"line":566,"column":0},"end":{"line":566,"column":34}},"566":{"start":{"line":567,"column":0},"end":{"line":567,"column":33}},"567":{"start":{"line":568,"column":0},"end":{"line":568,"column":35}},"568":{"start":{"line":569,"column":0},"end":{"line":569,"column":32}},"569":{"start":{"line":570,"column":0},"end":{"line":570,"column":10}},"570":{"start":{"line":571,"column":0},"end":{"line":571,"column":32}},"571":{"start":{"line":572,"column":0},"end":{"line":572,"column":34}},"572":{"start":{"line":573,"column":0},"end":{"line":573,"column":34}},"573":{"start":{"line":574,"column":0},"end":{"line":574,"column":33}},"574":{"start":{"line":575,"column":0},"end":{"line":575,"column":35}},"575":{"start":{"line":576,"column":0},"end":{"line":576,"column":32}},"576":{"start":{"line":577,"column":0},"end":{"line":577,"column":10}},"577":{"start":{"line":578,"column":0},"end":{"line":578,"column":32}},"578":{"start":{"line":579,"column":0},"end":{"line":579,"column":34}},"579":{"start":{"line":580,"column":0},"end":{"line":580,"column":34}},"580":{"start":{"line":581,"column":0},"end":{"line":581,"column":33}},"581":{"start":{"line":582,"column":0},"end":{"line":582,"column":35}},"582":{"start":{"line":583,"column":0},"end":{"line":583,"column":32}},"583":{"start":{"line":584,"column":0},"end":{"line":584,"column":10}},"584":{"start":{"line":585,"column":0},"end":{"line":585,"column":32}},"585":{"start":{"line":586,"column":0},"end":{"line":586,"column":34}},"586":{"start":{"line":587,"column":0},"end":{"line":587,"column":34}},"587":{"start":{"line":588,"column":0},"end":{"line":588,"column":33}},"588":{"start":{"line":589,"column":0},"end":{"line":589,"column":35}},"589":{"start":{"line":590,"column":0},"end":{"line":590,"column":32}},"590":{"start":{"line":591,"column":0},"end":{"line":591,"column":10}},"591":{"start":{"line":592,"column":0},"end":{"line":592,"column":32}},"592":{"start":{"line":593,"column":0},"end":{"line":593,"column":34}},"593":{"start":{"line":594,"column":0},"end":{"line":594,"column":34}},"594":{"start":{"line":595,"column":0},"end":{"line":595,"column":33}},"595":{"start":{"line":596,"column":0},"end":{"line":596,"column":35}},"596":{"start":{"line":597,"column":0},"end":{"line":597,"column":32}},"597":{"start":{"line":598,"column":0},"end":{"line":598,"column":10}},"598":{"start":{"line":599,"column":0},"end":{"line":599,"column":32}},"599":{"start":{"line":600,"column":0},"end":{"line":600,"column":34}},"600":{"start":{"line":601,"column":0},"end":{"line":601,"column":34}},"601":{"start":{"line":602,"column":0},"end":{"line":602,"column":33}},"602":{"start":{"line":603,"column":0},"end":{"line":603,"column":35}},"603":{"start":{"line":604,"column":0},"end":{"line":604,"column":32}},"604":{"start":{"line":605,"column":0},"end":{"line":605,"column":10}},"605":{"start":{"line":606,"column":0},"end":{"line":606,"column":32}},"606":{"start":{"line":607,"column":0},"end":{"line":607,"column":34}},"607":{"start":{"line":608,"column":0},"end":{"line":608,"column":34}},"608":{"start":{"line":609,"column":0},"end":{"line":609,"column":33}},"609":{"start":{"line":610,"column":0},"end":{"line":610,"column":35}},"610":{"start":{"line":611,"column":0},"end":{"line":611,"column":32}},"611":{"start":{"line":612,"column":0},"end":{"line":612,"column":10}},"612":{"start":{"line":613,"column":0},"end":{"line":613,"column":32}},"613":{"start":{"line":614,"column":0},"end":{"line":614,"column":34}},"614":{"start":{"line":615,"column":0},"end":{"line":615,"column":34}},"615":{"start":{"line":616,"column":0},"end":{"line":616,"column":33}},"616":{"start":{"line":617,"column":0},"end":{"line":617,"column":35}},"617":{"start":{"line":618,"column":0},"end":{"line":618,"column":32}},"618":{"start":{"line":619,"column":0},"end":{"line":619,"column":10}},"619":{"start":{"line":620,"column":0},"end":{"line":620,"column":32}},"620":{"start":{"line":621,"column":0},"end":{"line":621,"column":34}},"621":{"start":{"line":622,"column":0},"end":{"line":622,"column":34}},"622":{"start":{"line":623,"column":0},"end":{"line":623,"column":33}},"623":{"start":{"line":624,"column":0},"end":{"line":624,"column":35}},"624":{"start":{"line":625,"column":0},"end":{"line":625,"column":32}},"625":{"start":{"line":626,"column":0},"end":{"line":626,"column":10}},"626":{"start":{"line":627,"column":0},"end":{"line":627,"column":32}},"627":{"start":{"line":628,"column":0},"end":{"line":628,"column":34}},"628":{"start":{"line":629,"column":0},"end":{"line":629,"column":34}},"629":{"start":{"line":630,"column":0},"end":{"line":630,"column":33}},"630":{"start":{"line":631,"column":0},"end":{"line":631,"column":35}},"631":{"start":{"line":632,"column":0},"end":{"line":632,"column":32}},"632":{"start":{"line":633,"column":0},"end":{"line":633,"column":10}},"633":{"start":{"line":634,"column":0},"end":{"line":634,"column":32}},"634":{"start":{"line":635,"column":0},"end":{"line":635,"column":34}},"635":{"start":{"line":636,"column":0},"end":{"line":636,"column":34}},"636":{"start":{"line":637,"column":0},"end":{"line":637,"column":33}},"637":{"start":{"line":638,"column":0},"end":{"line":638,"column":35}},"638":{"start":{"line":639,"column":0},"end":{"line":639,"column":32}},"639":{"start":{"line":640,"column":0},"end":{"line":640,"column":10}},"640":{"start":{"line":641,"column":0},"end":{"line":641,"column":32}},"641":{"start":{"line":642,"column":0},"end":{"line":642,"column":34}},"642":{"start":{"line":643,"column":0},"end":{"line":643,"column":34}},"643":{"start":{"line":644,"column":0},"end":{"line":644,"column":33}},"644":{"start":{"line":645,"column":0},"end":{"line":645,"column":35}},"645":{"start":{"line":646,"column":0},"end":{"line":646,"column":32}},"646":{"start":{"line":647,"column":0},"end":{"line":647,"column":10}},"647":{"start":{"line":648,"column":0},"end":{"line":648,"column":32}},"648":{"start":{"line":649,"column":0},"end":{"line":649,"column":34}},"649":{"start":{"line":650,"column":0},"end":{"line":650,"column":34}},"650":{"start":{"line":651,"column":0},"end":{"line":651,"column":33}},"651":{"start":{"line":652,"column":0},"end":{"line":652,"column":35}},"652":{"start":{"line":653,"column":0},"end":{"line":653,"column":32}},"653":{"start":{"line":654,"column":0},"end":{"line":654,"column":10}},"654":{"start":{"line":655,"column":0},"end":{"line":655,"column":32}},"655":{"start":{"line":656,"column":0},"end":{"line":656,"column":34}},"656":{"start":{"line":657,"column":0},"end":{"line":657,"column":34}},"657":{"start":{"line":658,"column":0},"end":{"line":658,"column":33}},"658":{"start":{"line":659,"column":0},"end":{"line":659,"column":35}},"659":{"start":{"line":660,"column":0},"end":{"line":660,"column":32}},"660":{"start":{"line":661,"column":0},"end":{"line":661,"column":10}},"661":{"start":{"line":662,"column":0},"end":{"line":662,"column":32}},"662":{"start":{"line":663,"column":0},"end":{"line":663,"column":34}},"663":{"start":{"line":664,"column":0},"end":{"line":664,"column":34}},"664":{"start":{"line":665,"column":0},"end":{"line":665,"column":33}},"665":{"start":{"line":666,"column":0},"end":{"line":666,"column":35}},"666":{"start":{"line":667,"column":0},"end":{"line":667,"column":32}},"667":{"start":{"line":668,"column":0},"end":{"line":668,"column":10}},"668":{"start":{"line":669,"column":0},"end":{"line":669,"column":32}},"669":{"start":{"line":670,"column":0},"end":{"line":670,"column":34}},"670":{"start":{"line":671,"column":0},"end":{"line":671,"column":34}},"671":{"start":{"line":672,"column":0},"end":{"line":672,"column":33}},"672":{"start":{"line":673,"column":0},"end":{"line":673,"column":35}},"673":{"start":{"line":674,"column":0},"end":{"line":674,"column":32}},"674":{"start":{"line":675,"column":0},"end":{"line":675,"column":10}},"675":{"start":{"line":676,"column":0},"end":{"line":676,"column":32}},"676":{"start":{"line":677,"column":0},"end":{"line":677,"column":34}},"677":{"start":{"line":678,"column":0},"end":{"line":678,"column":34}},"678":{"start":{"line":679,"column":0},"end":{"line":679,"column":33}},"679":{"start":{"line":680,"column":0},"end":{"line":680,"column":35}},"680":{"start":{"line":681,"column":0},"end":{"line":681,"column":32}},"681":{"start":{"line":682,"column":0},"end":{"line":682,"column":10}},"682":{"start":{"line":683,"column":0},"end":{"line":683,"column":32}},"683":{"start":{"line":684,"column":0},"end":{"line":684,"column":34}},"684":{"start":{"line":685,"column":0},"end":{"line":685,"column":34}},"685":{"start":{"line":686,"column":0},"end":{"line":686,"column":33}},"686":{"start":{"line":687,"column":0},"end":{"line":687,"column":35}},"687":{"start":{"line":688,"column":0},"end":{"line":688,"column":32}},"688":{"start":{"line":689,"column":0},"end":{"line":689,"column":10}},"689":{"start":{"line":690,"column":0},"end":{"line":690,"column":32}},"690":{"start":{"line":691,"column":0},"end":{"line":691,"column":34}},"691":{"start":{"line":692,"column":0},"end":{"line":692,"column":34}},"692":{"start":{"line":693,"column":0},"end":{"line":693,"column":33}},"693":{"start":{"line":694,"column":0},"end":{"line":694,"column":35}},"694":{"start":{"line":695,"column":0},"end":{"line":695,"column":32}},"695":{"start":{"line":696,"column":0},"end":{"line":696,"column":10}},"696":{"start":{"line":697,"column":0},"end":{"line":697,"column":32}},"697":{"start":{"line":698,"column":0},"end":{"line":698,"column":34}},"698":{"start":{"line":699,"column":0},"end":{"line":699,"column":34}},"699":{"start":{"line":700,"column":0},"end":{"line":700,"column":33}},"700":{"start":{"line":701,"column":0},"end":{"line":701,"column":35}},"701":{"start":{"line":702,"column":0},"end":{"line":702,"column":32}},"702":{"start":{"line":703,"column":0},"end":{"line":703,"column":10}},"703":{"start":{"line":704,"column":0},"end":{"line":704,"column":32}},"704":{"start":{"line":705,"column":0},"end":{"line":705,"column":34}},"705":{"start":{"line":706,"column":0},"end":{"line":706,"column":34}},"706":{"start":{"line":707,"column":0},"end":{"line":707,"column":33}},"707":{"start":{"line":708,"column":0},"end":{"line":708,"column":35}},"708":{"start":{"line":709,"column":0},"end":{"line":709,"column":32}},"709":{"start":{"line":710,"column":0},"end":{"line":710,"column":9}},"710":{"start":{"line":711,"column":0},"end":{"line":711,"column":5}},"711":{"start":{"line":712,"column":0},"end":{"line":712,"column":2}}},"s":{"0":1,"1":1,"2":1,"3":1,"4":1,"5":1,"6":1,"7":1,"8":1,"9":1,"10":1,"11":1,"12":1,"13":1,"14":1,"15":1,"16":1,"17":1,"18":1,"19":1,"20":1,"21":1,"22":1,"23":1,"24":1,"25":1,"26":1,"27":1,"28":1,"29":1,"30":1,"31":1,"32":1,"33":1,"34":1,"35":1,"36":1,"37":1,"38":1,"39":1,"40":1,"41":1,"42":1,"43":1,"44":1,"45":1,"46":1,"47":1,"48":1,"49":1,"50":1,"51":1,"52":1,"53":1,"54":1,"55":1,"56":1,"57":1,"58":1,"59":1,"60":1,"61":1,"62":1,"63":1,"64":1,"65":1,"66":1,"67":1,"68":1,"69":1,"70":1,"71":1,"72":1,"73":1,"74":1,"75":1,"76":1,"77":1,"78":1,"79":1,"80":1,"81":1,"82":1,"83":1,"84":1,"85":1,"86":1,"87":1,"88":1,"89":1,"90":1,"91":1,"92":1,"93":1,"94":1,"95":1,"96":1,"97":1,"98":1,"99":1,"100":1,"101":1,"102":1,"103":1,"104":1,"105":1,"106":1,"107":1,"108":1,"109":1,"110":1,"111":1,"112":1,"113":1,"114":1,"115":1,"116":1,"117":1,"118":1,"119":1,"120":1,"121":1,"122":1,"123":1,"124":1,"125":1,"126":1,"127":1,"128":1,"129":1,"130":1,"131":1,"132":1,"133":1,"134":1,"135":1,"136":1,"137":1,"138":1,"139":1,"140":1,"141":1,"142":1,"143":1,"144":1,"145":1,"146":1,"147":1,"148":1,"149":1,"150":1,"151":1,"152":1,"153":1,"154":1,"155":1,"156":1,"157":1,"158":1,"159":1,"160":1,"161":1,"162":1,"163":1,"164":1,"165":1,"166":1,"167":1,"168":1,"169":1,"170":1,"171":1,"172":1,"173":1,"174":1,"175":1,"176":1,"177":1,"178":1,"179":1,"180":1,"181":1,"182":1,"183":1,"184":1,"185":1,"186":1,"187":1,"188":1,"189":1,"190":1,"191":1,"192":1,"193":1,"194":1,"195":1,"196":1,"197":1,"198":1,"199":1,"200":1,"201":1,"202":1,"203":1,"204":1,"205":1,"206":1,"207":1,"208":1,"209":1,"210":1,"211":1,"212":1,"213":1,"214":1,"215":1,"216":1,"217":1,"218":1,"219":1,"220":1,"221":1,"222":1,"223":1,"224":1,"225":1,"226":1,"227":1,"228":1,"229":1,"230":1,"231":1,"232":1,"233":1,"234":1,"235":1,"236":1,"237":1,"238":1,"239":1,"240":1,"241":1,"242":1,"243":1,"244":1,"245":1,"246":1,"247":1,"248":1,"249":1,"250":1,"251":1,"252":1,"253":1,"254":1,"255":1,"256":1,"257":1,"258":1,"259":1,"260":1,"261":1,"262":1,"263":1,"264":1,"265":1,"266":1,"267":1,"268":1,"269":1,"270":1,"271":1,"272":1,"273":1,"274":1,"275":1,"276":1,"277":1,"278":1,"279":1,"280":1,"281":1,"282":1,"283":1,"284":1,"285":1,"286":1,"287":1,"288":1,"289":1,"290":1,"291":1,"292":1,"293":1,"294":1,"295":1,"296":1,"297":1,"298":1,"299":1,"300":1,"301":1,"302":1,"303":1,"304":1,"305":1,"306":1,"307":1,"308":1,"309":1,"310":1,"311":1,"312":1,"313":1,"314":1,"315":1,"316":1,"317":1,"318":1,"319":1,"320":1,"321":1,"322":1,"323":1,"324":1,"325":1,"326":1,"327":1,"328":1,"329":1,"330":1,"331":1,"332":1,"333":1,"334":1,"335":1,"336":1,"337":1,"338":1,"339":1,"340":1,"341":1,"342":1,"343":1,"344":1,"345":1,"346":1,"347":1,"348":1,"349":1,"350":1,"351":1,"352":1,"353":1,"354":1,"355":1,"356":1,"357":1,"358":1,"359":1,"360":1,"361":1,"362":1,"363":1,"364":1,"365":1,"366":1,"367":1,"368":1,"369":1,"370":1,"371":1,"372":1,"373":1,"374":1,"375":1,"376":1,"377":1,"378":1,"379":1,"380":1,"381":1,"382":1,"383":1,"384":1,"385":1,"386":1,"387":1,"388":1,"389":1,"390":1,"391":1,"392":1,"393":1,"394":1,"395":1,"396":1,"397":1,"398":1,"399":1,"400":1,"401":1,"402":1,"403":1,"404":1,"405":1,"406":1,"407":1,"408":1,"409":1,"410":1,"411":1,"412":1,"413":1,"414":1,"415":1,"416":1,"417":1,"418":1,"419":1,"420":1,"421":1,"422":1,"423":1,"424":1,"425":1,"426":1,"427":1,"428":1,"429":1,"430":1,"431":1,"432":1,"433":1,"434":1,"435":1,"436":1,"437":1,"438":1,"439":1,"440":1,"441":1,"442":1,"443":1,"444":1,"445":1,"446":1,"447":1,"448":1,"449":1,"450":1,"451":1,"452":1,"453":1,"454":1,"455":1,"456":1,"457":1,"458":1,"459":1,"460":1,"461":1,"462":1,"463":1,"464":1,"465":1,"466":1,"467":1,"468":1,"469":1,"470":1,"471":1,"472":1,"473":1,"474":1,"475":1,"476":1,"477":1,"478":1,"479":1,"480":1,"481":1,"482":1,"483":1,"484":1,"485":1,"486":1,"487":1,"488":1,"489":1,"490":1,"491":1,"492":1,"493":1,"494":1,"495":1,"496":1,"497":1,"498":1,"499":1,"500":1,"501":1,"502":1,"503":1,"504":1,"505":1,"506":1,"507":1,"508":1,"509":1,"510":1,"511":1,"512":1,"513":1,"514":1,"515":1,"516":1,"517":1,"518":1,"519":1,"520":1,"521":1,"522":1,"523":1,"524":1,"525":1,"526":1,"527":1,"528":1,"529":1,"530":1,"531":1,"532":1,"533":1,"534":1,"535":1,"536":1,"537":1,"538":1,"539":1,"540":1,"541":1,"542":1,"543":1,"544":1,"545":1,"546":1,"547":1,"548":1,"549":1,"550":1,"551":1,"552":1,"553":1,"554":1,"555":1,"556":1,"557":1,"558":1,"559":1,"560":1,"561":1,"562":1,"563":1,"564":1,"565":1,"566":1,"567":1,"568":1,"569":1,"570":1,"571":1,"572":1,"573":1,"574":1,"575":1,"576":1,"577":1,"578":1,"579":1,"580":1,"581":1,"582":1,"583":1,"584":1,"585":1,"586":1,"587":1,"588":1,"589":1,"590":1,"591":1,"592":1,"593":1,"594":1,"595":1,"596":1,"597":1,"598":1,"599":1,"600":1,"601":1,"602":1,"603":1,"604":1,"605":1,"606":1,"607":1,"608":1,"609":1,"610":1,"611":1,"612":1,"613":1,"614":1,"615":1,"616":1,"617":1,"618":1,"619":1,"620":1,"621":1,"622":1,"623":1,"624":1,"625":1,"626":1,"627":1,"628":1,"629":1,"630":1,"631":1,"632":1,"633":1,"634":1,"635":1,"636":1,"637":1,"638":1,"639":1,"640":1,"641":1,"642":1,"643":1,"644":1,"645":1,"646":1,"647":1,"648":1,"649":1,"650":1,"651":1,"652":1,"653":1,"654":1,"655":1,"656":1,"657":1,"658":1,"659":1,"660":1,"661":1,"662":1,"663":1,"664":1,"665":1,"666":1,"667":1,"668":1,"669":1,"670":1,"671":1,"672":1,"673":1,"674":1,"675":1,"676":1,"677":1,"678":1,"679":1,"680":1,"681":1,"682":1,"683":1,"684":1,"685":1,"686":1,"687":1,"688":1,"689":1,"690":1,"691":1,"692":1,"693":1,"694":1,"695":1,"696":1,"697":1,"698":1,"699":1,"700":1,"701":1,"702":1,"703":1,"704":1,"705":1,"706":1,"707":1,"708":1,"709":1,"710":1,"711":1},"branchMap":{},"b":{},"fnMap":{},"f":{}}
}
